#! /c/Source/iverilog-install/bin/vvp
:ivl_version "12.0 (devel)" "(s20150603-1539-g2693dd32b)";
:ivl_delay_selection "TYPICAL";
:vpi_time_precision + 0;
:vpi_module "C:\iverilog\lib\ivl\system.vpi";
:vpi_module "C:\iverilog\lib\ivl\vhdl_sys.vpi";
:vpi_module "C:\iverilog\lib\ivl\vhdl_textio.vpi";
:vpi_module "C:\iverilog\lib\ivl\v2005_math.vpi";
:vpi_module "C:\iverilog\lib\ivl\va_math.vpi";
S_000001f7002dece0 .scope module, "alu" "alu" 2 1;
 .timescale 0 0;
    .port_info 0 /INPUT 8 "operand1";
    .port_info 1 /INPUT 8 "operand2";
    .port_info 2 /INPUT 2 "alu_op";
    .port_info 3 /OUTPUT 8 "result";
    .port_info 4 /OUTPUT 1 "zf";
L_000001f7001dc028 .functor BUFT 1, C4<00000000>, C4<0>, C4<0>, C4<0>;
v000001f7002d6da0_0 .net/2u *"_ivl_0", 7 0, L_000001f7001dc028;  1 drivers
v000001f7002dee70_0 .net *"_ivl_2", 0 0, L_000001f700191830;  1 drivers
L_000001f7001dc070 .functor BUFT 1, C4<1>, C4<0>, C4<0>, C4<0>;
v000001f7002def10_0 .net/2u *"_ivl_4", 0 0, L_000001f7001dc070;  1 drivers
L_000001f7001dc0b8 .functor BUFT 1, C4<0>, C4<0>, C4<0>, C4<0>;
v000001f7002dbc20_0 .net/2u *"_ivl_6", 0 0, L_000001f7001dc0b8;  1 drivers
o000001f700197068 .functor BUFZ 2, C4<zz>; HiZ drive
v000001f7002dbcc0_0 .net "alu_op", 1 0, o000001f700197068;  0 drivers
o000001f700197098 .functor BUFZ 8, C4<zzzzzzzz>; HiZ drive
v000001f7002dbd60_0 .net "operand1", 7 0, o000001f700197098;  0 drivers
o000001f7001970c8 .functor BUFZ 8, C4<zzzzzzzz>; HiZ drive
v000001f7002dbe00_0 .net "operand2", 7 0, o000001f7001970c8;  0 drivers
v000001f7002dbea0_0 .var "result", 7 0;
v000001f700191700_0 .net "zf", 0 0, L_000001f7001918d0;  1 drivers
E_000001f700196710 .event anyedge, v000001f7002dbcc0_0, v000001f7002dbd60_0, v000001f7002dbe00_0;
L_000001f700191830 .cmp/eq 8, v000001f7002dbea0_0, L_000001f7001dc028;
L_000001f7001918d0 .functor MUXZ 1, L_000001f7001dc0b8, L_000001f7001dc070, L_000001f700191830, C4<>;
    .scope S_000001f7002dece0;
T_0 ;
    %wait E_000001f700196710;
    %load/vec4 v000001f7002dbcc0_0;
    %dup/vec4;
    %pushi/vec4 0, 0, 2;
    %cmp/u;
    %jmp/1 T_0.0, 6;
    %dup/vec4;
    %pushi/vec4 1, 0, 2;
    %cmp/u;
    %jmp/1 T_0.1, 6;
    %dup/vec4;
    %pushi/vec4 2, 0, 2;
    %cmp/u;
    %jmp/1 T_0.2, 6;
    %dup/vec4;
    %pushi/vec4 3, 0, 2;
    %cmp/u;
    %jmp/1 T_0.3, 6;
    %jmp T_0.4;
T_0.0 ;
    %load/vec4 v000001f7002dbd60_0;
    %load/vec4 v000001f7002dbe00_0;
    %and;
    %store/vec4 v000001f7002dbea0_0, 0, 8;
    %jmp T_0.4;
T_0.1 ;
    %load/vec4 v000001f7002dbd60_0;
    %load/vec4 v000001f7002dbe00_0;
    %or;
    %store/vec4 v000001f7002dbea0_0, 0, 8;
    %jmp T_0.4;
T_0.2 ;
    %load/vec4 v000001f7002dbd60_0;
    %load/vec4 v000001f7002dbe00_0;
    %xor;
    %store/vec4 v000001f7002dbea0_0, 0, 8;
    %jmp T_0.4;
T_0.3 ;
    %load/vec4 v000001f7002dbd60_0;
    %inv;
    %store/vec4 v000001f7002dbea0_0, 0, 8;
    %jmp T_0.4;
T_0.4 ;
    %pop/vec4 1;
    %jmp T_0;
    .thread T_0, $push;
# The file index is used to find the file name in the following table.
:file_names 3;
    "N/A";
    "<interactive>";
    "alu.v";
