#! /c/Source/iverilog-install/bin/vvp
:ivl_version "12.0 (devel)" "(s20150603-1539-g2693dd32b)";
:ivl_delay_selection "TYPICAL";
:vpi_time_precision + 0;
:vpi_module "C:\iverilog\lib\ivl\system.vpi";
:vpi_module "C:\iverilog\lib\ivl\vhdl_sys.vpi";
:vpi_module "C:\iverilog\lib\ivl\vhdl_textio.vpi";
:vpi_module "C:\iverilog\lib\ivl\v2005_math.vpi";
:vpi_module "C:\iverilog\lib\ivl\va_math.vpi";
S_00000257aa716af0 .scope module, "controll_unit" "controll_unit" 2 1;
 .timescale 0 0;
    .port_info 0 /INPUT 4 "opcode";
    .port_info 1 /OUTPUT 1 "reg_write";
    .port_info 2 /OUTPUT 1 "mem_read";
    .port_info 3 /OUTPUT 1 "mem_write";
    .port_info 4 /OUTPUT 1 "jump";
    .port_info 5 /OUTPUT 1 "jump_zero";
    .port_info 6 /OUTPUT 1 "imm_mode";
    .port_info 7 /OUTPUT 2 "alu_op";
v00000257aa717590_0 .var "alu_op", 1 0;
v00000257aa7172e0_0 .var "imm_mode", 0 0;
v00000257aa764300_0 .var "jump", 0 0;
v00000257aa7643a0_0 .var "jump_zero", 0 0;
v00000257aa764440_0 .var "mem_read", 0 0;
v00000257aa7644e0_0 .var "mem_write", 0 0;
o00000257aa7680f8 .functor BUFZ 4, C4<zzzz>; HiZ drive
v00000257aa764580_0 .net "opcode", 3 0, o00000257aa7680f8;  0 drivers
v00000257aa716c80_0 .var "reg_write", 0 0;
E_00000257aa71afd0 .event anyedge, v00000257aa764580_0;
    .scope S_00000257aa716af0;
T_0 ;
    %wait E_00000257aa71afd0;
    %pushi/vec4 0, 0, 1;
    %store/vec4 v00000257aa716c80_0, 0, 1;
    %pushi/vec4 0, 0, 1;
    %store/vec4 v00000257aa764440_0, 0, 1;
    %pushi/vec4 0, 0, 1;
    %store/vec4 v00000257aa7644e0_0, 0, 1;
    %pushi/vec4 0, 0, 1;
    %store/vec4 v00000257aa764300_0, 0, 1;
    %pushi/vec4 0, 0, 1;
    %store/vec4 v00000257aa7643a0_0, 0, 1;
    %pushi/vec4 0, 0, 2;
    %store/vec4 v00000257aa717590_0, 0, 2;
    %pushi/vec4 0, 0, 1;
    %store/vec4 v00000257aa7172e0_0, 0, 1;
    %load/vec4 v00000257aa764580_0;
    %parti/s 2, 2, 3;
    %dup/vec4;
    %pushi/vec4 0, 0, 2;
    %cmp/u;
    %jmp/1 T_0.0, 6;
    %dup/vec4;
    %pushi/vec4 1, 0, 2;
    %cmp/u;
    %jmp/1 T_0.1, 6;
    %dup/vec4;
    %pushi/vec4 2, 0, 2;
    %cmp/u;
    %jmp/1 T_0.2, 6;
    %dup/vec4;
    %pushi/vec4 3, 0, 2;
    %cmp/u;
    %jmp/1 T_0.3, 6;
    %jmp T_0.4;
T_0.0 ;
    %pushi/vec4 1, 0, 1;
    %store/vec4 v00000257aa716c80_0, 0, 1;
    %load/vec4 v00000257aa764580_0;
    %parti/s 2, 0, 2;
    %store/vec4 v00000257aa717590_0, 0, 2;
    %jmp T_0.4;
T_0.1 ;
    %pushi/vec4 1, 0, 1;
    %store/vec4 v00000257aa716c80_0, 0, 1;
    %load/vec4 v00000257aa764580_0;
    %parti/s 2, 0, 2;
    %store/vec4 v00000257aa717590_0, 0, 2;
    %pushi/vec4 1, 0, 1;
    %store/vec4 v00000257aa7172e0_0, 0, 1;
    %jmp T_0.4;
T_0.2 ;
    %load/vec4 v00000257aa764580_0;
    %parti/s 2, 0, 2;
    %cmpi/e 0, 0, 2;
    %jmp/0xz  T_0.5, 4;
    %pushi/vec4 1, 0, 1;
    %store/vec4 v00000257aa764300_0, 0, 1;
    %jmp T_0.6;
T_0.5 ;
    %pushi/vec4 1, 0, 1;
    %store/vec4 v00000257aa7643a0_0, 0, 1;
T_0.6 ;
    %jmp T_0.4;
T_0.3 ;
    %load/vec4 v00000257aa764580_0;
    %parti/s 2, 0, 2;
    %cmpi/e 0, 0, 2;
    %jmp/0xz  T_0.7, 4;
    %jmp T_0.8;
T_0.7 ;
    %pushi/vec4 1, 0, 1;
    %store/vec4 v00000257aa7644e0_0, 0, 1;
T_0.8 ;
    %jmp T_0.4;
T_0.4 ;
    %pop/vec4 1;
    %jmp T_0;
    .thread T_0, $push;
# The file index is used to find the file name in the following table.
:file_names 3;
    "N/A";
    "<interactive>";
    "controll_unit.v";
