#! /c/Source/iverilog-install/bin/vvp
:ivl_version "12.0 (devel)" "(s20150603-1539-g2693dd32b)";
:ivl_delay_selection "TYPICAL";
:vpi_time_precision + 0;
:vpi_module "C:\iverilog\lib\ivl\system.vpi";
:vpi_module "C:\iverilog\lib\ivl\vhdl_sys.vpi";
:vpi_module "C:\iverilog\lib\ivl\vhdl_textio.vpi";
:vpi_module "C:\iverilog\lib\ivl\v2005_math.vpi";
:vpi_module "C:\iverilog\lib\ivl\va_math.vpi";
S_00000157173b65d0 .scope module, "data_memory" "data_memory" 2 1;
 .timescale 0 0;
    .port_info 0 /INPUT 1 "clk";
    .port_info 1 /INPUT 8 "address";
    .port_info 2 /INPUT 8 "write_data";
    .port_info 3 /INPUT 1 "mem_read";
    .port_info 4 /INPUT 1 "mem_write";
    .port_info 5 /OUTPUT 8 "read_data";
o00000157175e6fa8 .functor BUFZ 8, C4<zzzzzzzz>; HiZ drive
v00000157173b6fc0_0 .net "address", 7 0, o00000157175e6fa8;  0 drivers
o00000157175e6fd8 .functor BUFZ 1, C4<z>; HiZ drive
v00000157173bbcc0_0 .net "clk", 0 0, o00000157175e6fd8;  0 drivers
v00000157173bbd60 .array "mem", 255 0, 7 0;
o00000157175e7008 .functor BUFZ 1, C4<z>; HiZ drive
v00000157173bbe00_0 .net "mem_read", 0 0, o00000157175e7008;  0 drivers
o00000157175e7038 .functor BUFZ 1, C4<z>; HiZ drive
v00000157173bbea0_0 .net "mem_write", 0 0, o00000157175e7038;  0 drivers
v00000157173b6760_0 .var "read_data", 7 0;
o00000157175e7098 .functor BUFZ 8, C4<zzzzzzzz>; HiZ drive
v00000157173b6800_0 .net "write_data", 7 0, o00000157175e7098;  0 drivers
E_00000157173bced0 .event posedge, v00000157173bbcc0_0;
    .scope S_00000157173b65d0;
T_0 ;
    %wait E_00000157173bced0;
    %load/vec4 v00000157173bbea0_0;
    %flag_set/vec4 8;
    %jmp/0xz  T_0.0, 8;
    %load/vec4 v00000157173b6800_0;
    %load/vec4 v00000157173b6fc0_0;
    %pad/u 10;
    %ix/vec4 3;
    %ix/load 4, 0, 0; Constant delay
    %assign/vec4/a/d v00000157173bbd60, 0, 4;
T_0.0 ;
    %jmp T_0;
    .thread T_0;
    .scope S_00000157173b65d0;
T_1 ;
    %wait E_00000157173bced0;
    %load/vec4 v00000157173bbe00_0;
    %flag_set/vec4 8;
    %jmp/0xz  T_1.0, 8;
    %load/vec4 v00000157173b6fc0_0;
    %pad/u 10;
    %ix/vec4 4;
    %load/vec4a v00000157173bbd60, 4;
    %store/vec4 v00000157173b6760_0, 0, 8;
    %jmp T_1.1;
T_1.0 ;
    %pushi/vec4 0, 0, 8;
    %store/vec4 v00000157173b6760_0, 0, 8;
T_1.1 ;
    %jmp T_1;
    .thread T_1;
# The file index is used to find the file name in the following table.
:file_names 3;
    "N/A";
    "<interactive>";
    "data_memory.v";
