#! /c/Source/iverilog-install/bin/vvp
:ivl_version "12.0 (devel)" "(s20150603-1539-g2693dd32b)";
:ivl_delay_selection "TYPICAL";
:vpi_time_precision + 0;
:vpi_module "C:\iverilog\lib\ivl\system.vpi";
:vpi_module "C:\iverilog\lib\ivl\vhdl_sys.vpi";
:vpi_module "C:\iverilog\lib\ivl\vhdl_textio.vpi";
:vpi_module "C:\iverilog\lib\ivl\v2005_math.vpi";
:vpi_module "C:\iverilog\lib\ivl\va_math.vpi";
S_0000021f441166e0 .scope module, "immediate_mode" "immediate_mode" 2 1;
 .timescale 0 0;
    .port_info 0 /INPUT 16 "opcode";
    .port_info 1 /INPUT 8 "read_data2";
    .port_info 2 /OUTPUT 8 "operand2";
o0000021f43fd6f48 .functor BUFZ 16, C4<zzzzzzzzzzzzzzzz>; HiZ drive
v0000021f44116da0_0 .net "opcode", 15 0, o0000021f43fd6f48;  0 drivers
v0000021f44116870_0 .var "operand2", 7 0;
o0000021f43fd6fa8 .functor BUFZ 8, C4<zzzzzzzz>; HiZ drive
v0000021f44116910_0 .net "read_data2", 7 0, o0000021f43fd6fa8;  0 drivers
E_0000021f43fd4f00 .event anyedge, v0000021f44116da0_0, v0000021f44116910_0;
    .scope S_0000021f441166e0;
T_0 ;
    %wait E_0000021f43fd4f00;
    %load/vec4 v0000021f44116da0_0;
    %parti/s 2, 14, 5;
    %cmpi/e 1, 0, 2;
    %jmp/0xz  T_0.0, 4;
    %load/vec4 v0000021f44116da0_0;
    %parti/s 8, 0, 2;
    %store/vec4 v0000021f44116870_0, 0, 8;
    %jmp T_0.1;
T_0.0 ;
    %load/vec4 v0000021f44116910_0;
    %store/vec4 v0000021f44116870_0, 0, 8;
T_0.1 ;
    %jmp T_0;
    .thread T_0, $push;
# The file index is used to find the file name in the following table.
:file_names 3;
    "N/A";
    "<interactive>";
    "immediate_mode.v";
