#! /c/Source/iverilog-install/bin/vvp
:ivl_version "12.0 (devel)" "(s20150603-1539-g2693dd32b)";
:ivl_delay_selection "TYPICAL";
:vpi_time_precision + 0;
:vpi_module "C:\iverilog\lib\ivl\system.vpi";
:vpi_module "C:\iverilog\lib\ivl\vhdl_sys.vpi";
:vpi_module "C:\iverilog\lib\ivl\vhdl_textio.vpi";
:vpi_module "C:\iverilog\lib\ivl\v2005_math.vpi";
:vpi_module "C:\iverilog\lib\ivl\va_math.vpi";
S_000001a975c167a0 .scope module, "instruction_memory" "instruction_memory" 2 1;
 .timescale 0 0;
    .port_info 0 /INPUT 8 "pc";
    .port_info 1 /OUTPUT 16 "instruction";
v000001a975c16e80_0 .var "instruction", 15 0;
v000001a975c16930 .array "instruction_set", 255 0, 15 0;
o000001a975c69fe8 .functor BUFZ 8, C4<zzzzzzzz>; HiZ drive
v000001a975c169d0_0 .net "pc", 7 0, o000001a975c69fe8;  0 drivers
v000001a975c16930_0 .array/port v000001a975c16930, 0;
v000001a975c16930_1 .array/port v000001a975c16930, 1;
v000001a975c16930_2 .array/port v000001a975c16930, 2;
E_000001a975c1c410/0 .event anyedge, v000001a975c169d0_0, v000001a975c16930_0, v000001a975c16930_1, v000001a975c16930_2;
v000001a975c16930_3 .array/port v000001a975c16930, 3;
v000001a975c16930_4 .array/port v000001a975c16930, 4;
v000001a975c16930_5 .array/port v000001a975c16930, 5;
v000001a975c16930_6 .array/port v000001a975c16930, 6;
E_000001a975c1c410/1 .event anyedge, v000001a975c16930_3, v000001a975c16930_4, v000001a975c16930_5, v000001a975c16930_6;
v000001a975c16930_7 .array/port v000001a975c16930, 7;
v000001a975c16930_8 .array/port v000001a975c16930, 8;
v000001a975c16930_9 .array/port v000001a975c16930, 9;
v000001a975c16930_10 .array/port v000001a975c16930, 10;
E_000001a975c1c410/2 .event anyedge, v000001a975c16930_7, v000001a975c16930_8, v000001a975c16930_9, v000001a975c16930_10;
v000001a975c16930_11 .array/port v000001a975c16930, 11;
v000001a975c16930_12 .array/port v000001a975c16930, 12;
v000001a975c16930_13 .array/port v000001a975c16930, 13;
v000001a975c16930_14 .array/port v000001a975c16930, 14;
E_000001a975c1c410/3 .event anyedge, v000001a975c16930_11, v000001a975c16930_12, v000001a975c16930_13, v000001a975c16930_14;
v000001a975c16930_15 .array/port v000001a975c16930, 15;
v000001a975c16930_16 .array/port v000001a975c16930, 16;
v000001a975c16930_17 .array/port v000001a975c16930, 17;
v000001a975c16930_18 .array/port v000001a975c16930, 18;
E_000001a975c1c410/4 .event anyedge, v000001a975c16930_15, v000001a975c16930_16, v000001a975c16930_17, v000001a975c16930_18;
v000001a975c16930_19 .array/port v000001a975c16930, 19;
v000001a975c16930_20 .array/port v000001a975c16930, 20;
v000001a975c16930_21 .array/port v000001a975c16930, 21;
v000001a975c16930_22 .array/port v000001a975c16930, 22;
E_000001a975c1c410/5 .event anyedge, v000001a975c16930_19, v000001a975c16930_20, v000001a975c16930_21, v000001a975c16930_22;
v000001a975c16930_23 .array/port v000001a975c16930, 23;
v000001a975c16930_24 .array/port v000001a975c16930, 24;
v000001a975c16930_25 .array/port v000001a975c16930, 25;
v000001a975c16930_26 .array/port v000001a975c16930, 26;
E_000001a975c1c410/6 .event anyedge, v000001a975c16930_23, v000001a975c16930_24, v000001a975c16930_25, v000001a975c16930_26;
v000001a975c16930_27 .array/port v000001a975c16930, 27;
v000001a975c16930_28 .array/port v000001a975c16930, 28;
v000001a975c16930_29 .array/port v000001a975c16930, 29;
v000001a975c16930_30 .array/port v000001a975c16930, 30;
E_000001a975c1c410/7 .event anyedge, v000001a975c16930_27, v000001a975c16930_28, v000001a975c16930_29, v000001a975c16930_30;
v000001a975c16930_31 .array/port v000001a975c16930, 31;
v000001a975c16930_32 .array/port v000001a975c16930, 32;
v000001a975c16930_33 .array/port v000001a975c16930, 33;
v000001a975c16930_34 .array/port v000001a975c16930, 34;
E_000001a975c1c410/8 .event anyedge, v000001a975c16930_31, v000001a975c16930_32, v000001a975c16930_33, v000001a975c16930_34;
v000001a975c16930_35 .array/port v000001a975c16930, 35;
v000001a975c16930_36 .array/port v000001a975c16930, 36;
v000001a975c16930_37 .array/port v000001a975c16930, 37;
v000001a975c16930_38 .array/port v000001a975c16930, 38;
E_000001a975c1c410/9 .event anyedge, v000001a975c16930_35, v000001a975c16930_36, v000001a975c16930_37, v000001a975c16930_38;
v000001a975c16930_39 .array/port v000001a975c16930, 39;
v000001a975c16930_40 .array/port v000001a975c16930, 40;
v000001a975c16930_41 .array/port v000001a975c16930, 41;
v000001a975c16930_42 .array/port v000001a975c16930, 42;
E_000001a975c1c410/10 .event anyedge, v000001a975c16930_39, v000001a975c16930_40, v000001a975c16930_41, v000001a975c16930_42;
v000001a975c16930_43 .array/port v000001a975c16930, 43;
v000001a975c16930_44 .array/port v000001a975c16930, 44;
v000001a975c16930_45 .array/port v000001a975c16930, 45;
v000001a975c16930_46 .array/port v000001a975c16930, 46;
E_000001a975c1c410/11 .event anyedge, v000001a975c16930_43, v000001a975c16930_44, v000001a975c16930_45, v000001a975c16930_46;
v000001a975c16930_47 .array/port v000001a975c16930, 47;
v000001a975c16930_48 .array/port v000001a975c16930, 48;
v000001a975c16930_49 .array/port v000001a975c16930, 49;
v000001a975c16930_50 .array/port v000001a975c16930, 50;
E_000001a975c1c410/12 .event anyedge, v000001a975c16930_47, v000001a975c16930_48, v000001a975c16930_49, v000001a975c16930_50;
v000001a975c16930_51 .array/port v000001a975c16930, 51;
v000001a975c16930_52 .array/port v000001a975c16930, 52;
v000001a975c16930_53 .array/port v000001a975c16930, 53;
v000001a975c16930_54 .array/port v000001a975c16930, 54;
E_000001a975c1c410/13 .event anyedge, v000001a975c16930_51, v000001a975c16930_52, v000001a975c16930_53, v000001a975c16930_54;
v000001a975c16930_55 .array/port v000001a975c16930, 55;
v000001a975c16930_56 .array/port v000001a975c16930, 56;
v000001a975c16930_57 .array/port v000001a975c16930, 57;
v000001a975c16930_58 .array/port v000001a975c16930, 58;
E_000001a975c1c410/14 .event anyedge, v000001a975c16930_55, v000001a975c16930_56, v000001a975c16930_57, v000001a975c16930_58;
v000001a975c16930_59 .array/port v000001a975c16930, 59;
v000001a975c16930_60 .array/port v000001a975c16930, 60;
v000001a975c16930_61 .array/port v000001a975c16930, 61;
v000001a975c16930_62 .array/port v000001a975c16930, 62;
E_000001a975c1c410/15 .event anyedge, v000001a975c16930_59, v000001a975c16930_60, v000001a975c16930_61, v000001a975c16930_62;
v000001a975c16930_63 .array/port v000001a975c16930, 63;
v000001a975c16930_64 .array/port v000001a975c16930, 64;
v000001a975c16930_65 .array/port v000001a975c16930, 65;
v000001a975c16930_66 .array/port v000001a975c16930, 66;
E_000001a975c1c410/16 .event anyedge, v000001a975c16930_63, v000001a975c16930_64, v000001a975c16930_65, v000001a975c16930_66;
v000001a975c16930_67 .array/port v000001a975c16930, 67;
v000001a975c16930_68 .array/port v000001a975c16930, 68;
v000001a975c16930_69 .array/port v000001a975c16930, 69;
v000001a975c16930_70 .array/port v000001a975c16930, 70;
E_000001a975c1c410/17 .event anyedge, v000001a975c16930_67, v000001a975c16930_68, v000001a975c16930_69, v000001a975c16930_70;
v000001a975c16930_71 .array/port v000001a975c16930, 71;
v000001a975c16930_72 .array/port v000001a975c16930, 72;
v000001a975c16930_73 .array/port v000001a975c16930, 73;
v000001a975c16930_74 .array/port v000001a975c16930, 74;
E_000001a975c1c410/18 .event anyedge, v000001a975c16930_71, v000001a975c16930_72, v000001a975c16930_73, v000001a975c16930_74;
v000001a975c16930_75 .array/port v000001a975c16930, 75;
v000001a975c16930_76 .array/port v000001a975c16930, 76;
v000001a975c16930_77 .array/port v000001a975c16930, 77;
v000001a975c16930_78 .array/port v000001a975c16930, 78;
E_000001a975c1c410/19 .event anyedge, v000001a975c16930_75, v000001a975c16930_76, v000001a975c16930_77, v000001a975c16930_78;
v000001a975c16930_79 .array/port v000001a975c16930, 79;
v000001a975c16930_80 .array/port v000001a975c16930, 80;
v000001a975c16930_81 .array/port v000001a975c16930, 81;
v000001a975c16930_82 .array/port v000001a975c16930, 82;
E_000001a975c1c410/20 .event anyedge, v000001a975c16930_79, v000001a975c16930_80, v000001a975c16930_81, v000001a975c16930_82;
v000001a975c16930_83 .array/port v000001a975c16930, 83;
v000001a975c16930_84 .array/port v000001a975c16930, 84;
v000001a975c16930_85 .array/port v000001a975c16930, 85;
v000001a975c16930_86 .array/port v000001a975c16930, 86;
E_000001a975c1c410/21 .event anyedge, v000001a975c16930_83, v000001a975c16930_84, v000001a975c16930_85, v000001a975c16930_86;
v000001a975c16930_87 .array/port v000001a975c16930, 87;
v000001a975c16930_88 .array/port v000001a975c16930, 88;
v000001a975c16930_89 .array/port v000001a975c16930, 89;
v000001a975c16930_90 .array/port v000001a975c16930, 90;
E_000001a975c1c410/22 .event anyedge, v000001a975c16930_87, v000001a975c16930_88, v000001a975c16930_89, v000001a975c16930_90;
v000001a975c16930_91 .array/port v000001a975c16930, 91;
v000001a975c16930_92 .array/port v000001a975c16930, 92;
v000001a975c16930_93 .array/port v000001a975c16930, 93;
v000001a975c16930_94 .array/port v000001a975c16930, 94;
E_000001a975c1c410/23 .event anyedge, v000001a975c16930_91, v000001a975c16930_92, v000001a975c16930_93, v000001a975c16930_94;
v000001a975c16930_95 .array/port v000001a975c16930, 95;
v000001a975c16930_96 .array/port v000001a975c16930, 96;
v000001a975c16930_97 .array/port v000001a975c16930, 97;
v000001a975c16930_98 .array/port v000001a975c16930, 98;
E_000001a975c1c410/24 .event anyedge, v000001a975c16930_95, v000001a975c16930_96, v000001a975c16930_97, v000001a975c16930_98;
v000001a975c16930_99 .array/port v000001a975c16930, 99;
v000001a975c16930_100 .array/port v000001a975c16930, 100;
v000001a975c16930_101 .array/port v000001a975c16930, 101;
v000001a975c16930_102 .array/port v000001a975c16930, 102;
E_000001a975c1c410/25 .event anyedge, v000001a975c16930_99, v000001a975c16930_100, v000001a975c16930_101, v000001a975c16930_102;
v000001a975c16930_103 .array/port v000001a975c16930, 103;
v000001a975c16930_104 .array/port v000001a975c16930, 104;
v000001a975c16930_105 .array/port v000001a975c16930, 105;
v000001a975c16930_106 .array/port v000001a975c16930, 106;
E_000001a975c1c410/26 .event anyedge, v000001a975c16930_103, v000001a975c16930_104, v000001a975c16930_105, v000001a975c16930_106;
v000001a975c16930_107 .array/port v000001a975c16930, 107;
v000001a975c16930_108 .array/port v000001a975c16930, 108;
v000001a975c16930_109 .array/port v000001a975c16930, 109;
v000001a975c16930_110 .array/port v000001a975c16930, 110;
E_000001a975c1c410/27 .event anyedge, v000001a975c16930_107, v000001a975c16930_108, v000001a975c16930_109, v000001a975c16930_110;
v000001a975c16930_111 .array/port v000001a975c16930, 111;
v000001a975c16930_112 .array/port v000001a975c16930, 112;
v000001a975c16930_113 .array/port v000001a975c16930, 113;
v000001a975c16930_114 .array/port v000001a975c16930, 114;
E_000001a975c1c410/28 .event anyedge, v000001a975c16930_111, v000001a975c16930_112, v000001a975c16930_113, v000001a975c16930_114;
v000001a975c16930_115 .array/port v000001a975c16930, 115;
v000001a975c16930_116 .array/port v000001a975c16930, 116;
v000001a975c16930_117 .array/port v000001a975c16930, 117;
v000001a975c16930_118 .array/port v000001a975c16930, 118;
E_000001a975c1c410/29 .event anyedge, v000001a975c16930_115, v000001a975c16930_116, v000001a975c16930_117, v000001a975c16930_118;
v000001a975c16930_119 .array/port v000001a975c16930, 119;
v000001a975c16930_120 .array/port v000001a975c16930, 120;
v000001a975c16930_121 .array/port v000001a975c16930, 121;
v000001a975c16930_122 .array/port v000001a975c16930, 122;
E_000001a975c1c410/30 .event anyedge, v000001a975c16930_119, v000001a975c16930_120, v000001a975c16930_121, v000001a975c16930_122;
v000001a975c16930_123 .array/port v000001a975c16930, 123;
v000001a975c16930_124 .array/port v000001a975c16930, 124;
v000001a975c16930_125 .array/port v000001a975c16930, 125;
v000001a975c16930_126 .array/port v000001a975c16930, 126;
E_000001a975c1c410/31 .event anyedge, v000001a975c16930_123, v000001a975c16930_124, v000001a975c16930_125, v000001a975c16930_126;
v000001a975c16930_127 .array/port v000001a975c16930, 127;
v000001a975c16930_128 .array/port v000001a975c16930, 128;
v000001a975c16930_129 .array/port v000001a975c16930, 129;
v000001a975c16930_130 .array/port v000001a975c16930, 130;
E_000001a975c1c410/32 .event anyedge, v000001a975c16930_127, v000001a975c16930_128, v000001a975c16930_129, v000001a975c16930_130;
v000001a975c16930_131 .array/port v000001a975c16930, 131;
v000001a975c16930_132 .array/port v000001a975c16930, 132;
v000001a975c16930_133 .array/port v000001a975c16930, 133;
v000001a975c16930_134 .array/port v000001a975c16930, 134;
E_000001a975c1c410/33 .event anyedge, v000001a975c16930_131, v000001a975c16930_132, v000001a975c16930_133, v000001a975c16930_134;
v000001a975c16930_135 .array/port v000001a975c16930, 135;
v000001a975c16930_136 .array/port v000001a975c16930, 136;
v000001a975c16930_137 .array/port v000001a975c16930, 137;
v000001a975c16930_138 .array/port v000001a975c16930, 138;
E_000001a975c1c410/34 .event anyedge, v000001a975c16930_135, v000001a975c16930_136, v000001a975c16930_137, v000001a975c16930_138;
v000001a975c16930_139 .array/port v000001a975c16930, 139;
v000001a975c16930_140 .array/port v000001a975c16930, 140;
v000001a975c16930_141 .array/port v000001a975c16930, 141;
v000001a975c16930_142 .array/port v000001a975c16930, 142;
E_000001a975c1c410/35 .event anyedge, v000001a975c16930_139, v000001a975c16930_140, v000001a975c16930_141, v000001a975c16930_142;
v000001a975c16930_143 .array/port v000001a975c16930, 143;
v000001a975c16930_144 .array/port v000001a975c16930, 144;
v000001a975c16930_145 .array/port v000001a975c16930, 145;
v000001a975c16930_146 .array/port v000001a975c16930, 146;
E_000001a975c1c410/36 .event anyedge, v000001a975c16930_143, v000001a975c16930_144, v000001a975c16930_145, v000001a975c16930_146;
v000001a975c16930_147 .array/port v000001a975c16930, 147;
v000001a975c16930_148 .array/port v000001a975c16930, 148;
v000001a975c16930_149 .array/port v000001a975c16930, 149;
v000001a975c16930_150 .array/port v000001a975c16930, 150;
E_000001a975c1c410/37 .event anyedge, v000001a975c16930_147, v000001a975c16930_148, v000001a975c16930_149, v000001a975c16930_150;
v000001a975c16930_151 .array/port v000001a975c16930, 151;
v000001a975c16930_152 .array/port v000001a975c16930, 152;
v000001a975c16930_153 .array/port v000001a975c16930, 153;
v000001a975c16930_154 .array/port v000001a975c16930, 154;
E_000001a975c1c410/38 .event anyedge, v000001a975c16930_151, v000001a975c16930_152, v000001a975c16930_153, v000001a975c16930_154;
v000001a975c16930_155 .array/port v000001a975c16930, 155;
v000001a975c16930_156 .array/port v000001a975c16930, 156;
v000001a975c16930_157 .array/port v000001a975c16930, 157;
v000001a975c16930_158 .array/port v000001a975c16930, 158;
E_000001a975c1c410/39 .event anyedge, v000001a975c16930_155, v000001a975c16930_156, v000001a975c16930_157, v000001a975c16930_158;
v000001a975c16930_159 .array/port v000001a975c16930, 159;
v000001a975c16930_160 .array/port v000001a975c16930, 160;
v000001a975c16930_161 .array/port v000001a975c16930, 161;
v000001a975c16930_162 .array/port v000001a975c16930, 162;
E_000001a975c1c410/40 .event anyedge, v000001a975c16930_159, v000001a975c16930_160, v000001a975c16930_161, v000001a975c16930_162;
v000001a975c16930_163 .array/port v000001a975c16930, 163;
v000001a975c16930_164 .array/port v000001a975c16930, 164;
v000001a975c16930_165 .array/port v000001a975c16930, 165;
v000001a975c16930_166 .array/port v000001a975c16930, 166;
E_000001a975c1c410/41 .event anyedge, v000001a975c16930_163, v000001a975c16930_164, v000001a975c16930_165, v000001a975c16930_166;
v000001a975c16930_167 .array/port v000001a975c16930, 167;
v000001a975c16930_168 .array/port v000001a975c16930, 168;
v000001a975c16930_169 .array/port v000001a975c16930, 169;
v000001a975c16930_170 .array/port v000001a975c16930, 170;
E_000001a975c1c410/42 .event anyedge, v000001a975c16930_167, v000001a975c16930_168, v000001a975c16930_169, v000001a975c16930_170;
v000001a975c16930_171 .array/port v000001a975c16930, 171;
v000001a975c16930_172 .array/port v000001a975c16930, 172;
v000001a975c16930_173 .array/port v000001a975c16930, 173;
v000001a975c16930_174 .array/port v000001a975c16930, 174;
E_000001a975c1c410/43 .event anyedge, v000001a975c16930_171, v000001a975c16930_172, v000001a975c16930_173, v000001a975c16930_174;
v000001a975c16930_175 .array/port v000001a975c16930, 175;
v000001a975c16930_176 .array/port v000001a975c16930, 176;
v000001a975c16930_177 .array/port v000001a975c16930, 177;
v000001a975c16930_178 .array/port v000001a975c16930, 178;
E_000001a975c1c410/44 .event anyedge, v000001a975c16930_175, v000001a975c16930_176, v000001a975c16930_177, v000001a975c16930_178;
v000001a975c16930_179 .array/port v000001a975c16930, 179;
v000001a975c16930_180 .array/port v000001a975c16930, 180;
v000001a975c16930_181 .array/port v000001a975c16930, 181;
v000001a975c16930_182 .array/port v000001a975c16930, 182;
E_000001a975c1c410/45 .event anyedge, v000001a975c16930_179, v000001a975c16930_180, v000001a975c16930_181, v000001a975c16930_182;
v000001a975c16930_183 .array/port v000001a975c16930, 183;
v000001a975c16930_184 .array/port v000001a975c16930, 184;
v000001a975c16930_185 .array/port v000001a975c16930, 185;
v000001a975c16930_186 .array/port v000001a975c16930, 186;
E_000001a975c1c410/46 .event anyedge, v000001a975c16930_183, v000001a975c16930_184, v000001a975c16930_185, v000001a975c16930_186;
v000001a975c16930_187 .array/port v000001a975c16930, 187;
v000001a975c16930_188 .array/port v000001a975c16930, 188;
v000001a975c16930_189 .array/port v000001a975c16930, 189;
v000001a975c16930_190 .array/port v000001a975c16930, 190;
E_000001a975c1c410/47 .event anyedge, v000001a975c16930_187, v000001a975c16930_188, v000001a975c16930_189, v000001a975c16930_190;
v000001a975c16930_191 .array/port v000001a975c16930, 191;
v000001a975c16930_192 .array/port v000001a975c16930, 192;
v000001a975c16930_193 .array/port v000001a975c16930, 193;
v000001a975c16930_194 .array/port v000001a975c16930, 194;
E_000001a975c1c410/48 .event anyedge, v000001a975c16930_191, v000001a975c16930_192, v000001a975c16930_193, v000001a975c16930_194;
v000001a975c16930_195 .array/port v000001a975c16930, 195;
v000001a975c16930_196 .array/port v000001a975c16930, 196;
v000001a975c16930_197 .array/port v000001a975c16930, 197;
v000001a975c16930_198 .array/port v000001a975c16930, 198;
E_000001a975c1c410/49 .event anyedge, v000001a975c16930_195, v000001a975c16930_196, v000001a975c16930_197, v000001a975c16930_198;
v000001a975c16930_199 .array/port v000001a975c16930, 199;
v000001a975c16930_200 .array/port v000001a975c16930, 200;
v000001a975c16930_201 .array/port v000001a975c16930, 201;
v000001a975c16930_202 .array/port v000001a975c16930, 202;
E_000001a975c1c410/50 .event anyedge, v000001a975c16930_199, v000001a975c16930_200, v000001a975c16930_201, v000001a975c16930_202;
v000001a975c16930_203 .array/port v000001a975c16930, 203;
v000001a975c16930_204 .array/port v000001a975c16930, 204;
v000001a975c16930_205 .array/port v000001a975c16930, 205;
v000001a975c16930_206 .array/port v000001a975c16930, 206;
E_000001a975c1c410/51 .event anyedge, v000001a975c16930_203, v000001a975c16930_204, v000001a975c16930_205, v000001a975c16930_206;
v000001a975c16930_207 .array/port v000001a975c16930, 207;
v000001a975c16930_208 .array/port v000001a975c16930, 208;
v000001a975c16930_209 .array/port v000001a975c16930, 209;
v000001a975c16930_210 .array/port v000001a975c16930, 210;
E_000001a975c1c410/52 .event anyedge, v000001a975c16930_207, v000001a975c16930_208, v000001a975c16930_209, v000001a975c16930_210;
v000001a975c16930_211 .array/port v000001a975c16930, 211;
v000001a975c16930_212 .array/port v000001a975c16930, 212;
v000001a975c16930_213 .array/port v000001a975c16930, 213;
v000001a975c16930_214 .array/port v000001a975c16930, 214;
E_000001a975c1c410/53 .event anyedge, v000001a975c16930_211, v000001a975c16930_212, v000001a975c16930_213, v000001a975c16930_214;
v000001a975c16930_215 .array/port v000001a975c16930, 215;
v000001a975c16930_216 .array/port v000001a975c16930, 216;
v000001a975c16930_217 .array/port v000001a975c16930, 217;
v000001a975c16930_218 .array/port v000001a975c16930, 218;
E_000001a975c1c410/54 .event anyedge, v000001a975c16930_215, v000001a975c16930_216, v000001a975c16930_217, v000001a975c16930_218;
v000001a975c16930_219 .array/port v000001a975c16930, 219;
v000001a975c16930_220 .array/port v000001a975c16930, 220;
v000001a975c16930_221 .array/port v000001a975c16930, 221;
v000001a975c16930_222 .array/port v000001a975c16930, 222;
E_000001a975c1c410/55 .event anyedge, v000001a975c16930_219, v000001a975c16930_220, v000001a975c16930_221, v000001a975c16930_222;
v000001a975c16930_223 .array/port v000001a975c16930, 223;
v000001a975c16930_224 .array/port v000001a975c16930, 224;
v000001a975c16930_225 .array/port v000001a975c16930, 225;
v000001a975c16930_226 .array/port v000001a975c16930, 226;
E_000001a975c1c410/56 .event anyedge, v000001a975c16930_223, v000001a975c16930_224, v000001a975c16930_225, v000001a975c16930_226;
v000001a975c16930_227 .array/port v000001a975c16930, 227;
v000001a975c16930_228 .array/port v000001a975c16930, 228;
v000001a975c16930_229 .array/port v000001a975c16930, 229;
v000001a975c16930_230 .array/port v000001a975c16930, 230;
E_000001a975c1c410/57 .event anyedge, v000001a975c16930_227, v000001a975c16930_228, v000001a975c16930_229, v000001a975c16930_230;
v000001a975c16930_231 .array/port v000001a975c16930, 231;
v000001a975c16930_232 .array/port v000001a975c16930, 232;
v000001a975c16930_233 .array/port v000001a975c16930, 233;
v000001a975c16930_234 .array/port v000001a975c16930, 234;
E_000001a975c1c410/58 .event anyedge, v000001a975c16930_231, v000001a975c16930_232, v000001a975c16930_233, v000001a975c16930_234;
v000001a975c16930_235 .array/port v000001a975c16930, 235;
v000001a975c16930_236 .array/port v000001a975c16930, 236;
v000001a975c16930_237 .array/port v000001a975c16930, 237;
v000001a975c16930_238 .array/port v000001a975c16930, 238;
E_000001a975c1c410/59 .event anyedge, v000001a975c16930_235, v000001a975c16930_236, v000001a975c16930_237, v000001a975c16930_238;
v000001a975c16930_239 .array/port v000001a975c16930, 239;
v000001a975c16930_240 .array/port v000001a975c16930, 240;
v000001a975c16930_241 .array/port v000001a975c16930, 241;
v000001a975c16930_242 .array/port v000001a975c16930, 242;
E_000001a975c1c410/60 .event anyedge, v000001a975c16930_239, v000001a975c16930_240, v000001a975c16930_241, v000001a975c16930_242;
v000001a975c16930_243 .array/port v000001a975c16930, 243;
v000001a975c16930_244 .array/port v000001a975c16930, 244;
v000001a975c16930_245 .array/port v000001a975c16930, 245;
v000001a975c16930_246 .array/port v000001a975c16930, 246;
E_000001a975c1c410/61 .event anyedge, v000001a975c16930_243, v000001a975c16930_244, v000001a975c16930_245, v000001a975c16930_246;
v000001a975c16930_247 .array/port v000001a975c16930, 247;
v000001a975c16930_248 .array/port v000001a975c16930, 248;
v000001a975c16930_249 .array/port v000001a975c16930, 249;
v000001a975c16930_250 .array/port v000001a975c16930, 250;
E_000001a975c1c410/62 .event anyedge, v000001a975c16930_247, v000001a975c16930_248, v000001a975c16930_249, v000001a975c16930_250;
v000001a975c16930_251 .array/port v000001a975c16930, 251;
v000001a975c16930_252 .array/port v000001a975c16930, 252;
v000001a975c16930_253 .array/port v000001a975c16930, 253;
v000001a975c16930_254 .array/port v000001a975c16930, 254;
E_000001a975c1c410/63 .event anyedge, v000001a975c16930_251, v000001a975c16930_252, v000001a975c16930_253, v000001a975c16930_254;
v000001a975c16930_255 .array/port v000001a975c16930, 255;
E_000001a975c1c410/64 .event anyedge, v000001a975c16930_255;
E_000001a975c1c410 .event/or E_000001a975c1c410/0, E_000001a975c1c410/1, E_000001a975c1c410/2, E_000001a975c1c410/3, E_000001a975c1c410/4, E_000001a975c1c410/5, E_000001a975c1c410/6, E_000001a975c1c410/7, E_000001a975c1c410/8, E_000001a975c1c410/9, E_000001a975c1c410/10, E_000001a975c1c410/11, E_000001a975c1c410/12, E_000001a975c1c410/13, E_000001a975c1c410/14, E_000001a975c1c410/15, E_000001a975c1c410/16, E_000001a975c1c410/17, E_000001a975c1c410/18, E_000001a975c1c410/19, E_000001a975c1c410/20, E_000001a975c1c410/21, E_000001a975c1c410/22, E_000001a975c1c410/23, E_000001a975c1c410/24, E_000001a975c1c410/25, E_000001a975c1c410/26, E_000001a975c1c410/27, E_000001a975c1c410/28, E_000001a975c1c410/29, E_000001a975c1c410/30, E_000001a975c1c410/31, E_000001a975c1c410/32, E_000001a975c1c410/33, E_000001a975c1c410/34, E_000001a975c1c410/35, E_000001a975c1c410/36, E_000001a975c1c410/37, E_000001a975c1c410/38, E_000001a975c1c410/39, E_000001a975c1c410/40, E_000001a975c1c410/41, E_000001a975c1c410/42, E_000001a975c1c410/43, E_000001a975c1c410/44, E_000001a975c1c410/45, E_000001a975c1c410/46, E_000001a975c1c410/47, E_000001a975c1c410/48, E_000001a975c1c410/49, E_000001a975c1c410/50, E_000001a975c1c410/51, E_000001a975c1c410/52, E_000001a975c1c410/53, E_000001a975c1c410/54, E_000001a975c1c410/55, E_000001a975c1c410/56, E_000001a975c1c410/57, E_000001a975c1c410/58, E_000001a975c1c410/59, E_000001a975c1c410/60, E_000001a975c1c410/61, E_000001a975c1c410/62, E_000001a975c1c410/63, E_000001a975c1c410/64;
    .scope S_000001a975c167a0;
T_0 ;
    %pushi/vec4 49157, 0, 16;
    %ix/load 4, 0, 0;
    %flag_set/imm 4, 0;
    %store/vec4a v000001a975c16930, 4, 0;
    %pushi/vec4 49415, 0, 16;
    %ix/load 4, 1, 0;
    %flag_set/imm 4, 0;
    %store/vec4a v000001a975c16930, 4, 0;
    %pushi/vec4 16, 0, 16;
    %ix/load 4, 2, 0;
    %flag_set/imm 4, 0;
    %store/vec4a v000001a975c16930, 4, 0;
    %pushi/vec4 24591, 0, 16;
    %ix/load 4, 3, 0;
    %flag_set/imm 4, 0;
    %store/vec4a v000001a975c16930, 4, 0;
    %pushi/vec4 12544, 0, 16;
    %ix/load 4, 4, 0;
    %flag_set/imm 4, 0;
    %store/vec4a v000001a975c16930, 4, 0;
    %pushi/vec4 16639, 0, 16;
    %ix/load 4, 5, 0;
    %flag_set/imm 4, 0;
    %store/vec4a v000001a975c16930, 4, 0;
    %pushi/vec4 36912, 0, 16;
    %ix/load 4, 6, 0;
    %flag_set/imm 4, 0;
    %store/vec4a v000001a975c16930, 4, 0;
    %end;
    .thread T_0;
    .scope S_000001a975c167a0;
T_1 ;
    %wait E_000001a975c1c410;
    %load/vec4 v000001a975c169d0_0;
    %pad/u 10;
    %ix/vec4 4;
    %load/vec4a v000001a975c16930, 4;
    %store/vec4 v000001a975c16e80_0, 0, 16;
    %jmp T_1;
    .thread T_1, $push;
# The file index is used to find the file name in the following table.
:file_names 3;
    "N/A";
    "<interactive>";
    "instruction_memory.v";
