#! /c/Source/iverilog-install/bin/vvp
:ivl_version "12.0 (devel)" "(s20150603-1539-g2693dd32b)";
:ivl_delay_selection "TYPICAL";
:vpi_time_precision + 0;
:vpi_module "C:\iverilog\lib\ivl\system.vpi";
:vpi_module "C:\iverilog\lib\ivl\vhdl_sys.vpi";
:vpi_module "C:\iverilog\lib\ivl\vhdl_textio.vpi";
:vpi_module "C:\iverilog\lib\ivl\v2005_math.vpi";
:vpi_module "C:\iverilog\lib\ivl\va_math.vpi";
S_0000016f252065d0 .scope module, "pc" "pc" 2 1;
 .timescale 0 0;
    .port_info 0 /INPUT 1 "clk";
    .port_info 1 /INPUT 1 "jump";
    .port_info 2 /INPUT 1 "reset";
    .port_info 3 /INPUT 1 "jump_zero";
    .port_info 4 /INPUT 1 "zf";
    .port_info 5 /INPUT 8 "jump_addr";
    .port_info 6 /OUTPUT 8 "next_pc";
o0000016f25256fa8 .functor BUFZ 1, C4<z>; HiZ drive
v0000016f25206c10_0 .net "clk", 0 0, o0000016f25256fa8;  0 drivers
o0000016f25256fd8 .functor BUFZ 1, C4<z>; HiZ drive
v0000016f2520ef20_0 .net "jump", 0 0, o0000016f25256fd8;  0 drivers
o0000016f25257008 .functor BUFZ 8, C4<zzzzzzzz>; HiZ drive
v0000016f25206760_0 .net "jump_addr", 7 0, o0000016f25257008;  0 drivers
o0000016f25257038 .functor BUFZ 1, C4<z>; HiZ drive
v0000016f25206800_0 .net "jump_zero", 0 0, o0000016f25257038;  0 drivers
v0000016f252068a0_0 .var "next_pc", 7 0;
o0000016f25257098 .functor BUFZ 1, C4<z>; HiZ drive
v0000016f25206940_0 .net "reset", 0 0, o0000016f25257098;  0 drivers
o0000016f252570c8 .functor BUFZ 1, C4<z>; HiZ drive
v0000016f2520bc10_0 .net "zf", 0 0, o0000016f252570c8;  0 drivers
E_0000016f2520c850 .event posedge, v0000016f25206940_0, v0000016f25206c10_0;
    .scope S_0000016f252065d0;
T_0 ;
    %wait E_0000016f2520c850;
    %load/vec4 v0000016f25206940_0;
    %flag_set/vec4 8;
    %jmp/0xz  T_0.0, 8;
    %pushi/vec4 0, 0, 8;
    %assign/vec4 v0000016f252068a0_0, 0;
    %jmp T_0.1;
T_0.0 ;
    %load/vec4 v0000016f2520ef20_0;
    %flag_set/vec4 8;
    %jmp/0xz  T_0.2, 8;
    %load/vec4 v0000016f25206760_0;
    %assign/vec4 v0000016f252068a0_0, 0;
    %jmp T_0.3;
T_0.2 ;
    %load/vec4 v0000016f25206800_0;
    %flag_set/vec4 9;
    %flag_get/vec4 9;
    %jmp/0 T_0.6, 9;
    %load/vec4 v0000016f2520bc10_0;
    %and;
T_0.6;
    %flag_set/vec4 8;
    %jmp/0xz  T_0.4, 8;
    %load/vec4 v0000016f25206760_0;
    %assign/vec4 v0000016f252068a0_0, 0;
    %jmp T_0.5;
T_0.4 ;
    %load/vec4 v0000016f252068a0_0;
    %addi 1, 0, 8;
    %assign/vec4 v0000016f252068a0_0, 0;
T_0.5 ;
T_0.3 ;
T_0.1 ;
    %jmp T_0;
    .thread T_0;
# The file index is used to find the file name in the following table.
:file_names 3;
    "N/A";
    "<interactive>";
    "program_counter.v";
