#! /c/Source/iverilog-install/bin/vvp
:ivl_version "12.0 (devel)" "(s20150603-1539-g2693dd32b)";
:ivl_delay_selection "TYPICAL";
:vpi_time_precision + 0;
:vpi_module "C:\iverilog\lib\ivl\system.vpi";
:vpi_module "C:\iverilog\lib\ivl\vhdl_sys.vpi";
:vpi_module "C:\iverilog\lib\ivl\vhdl_textio.vpi";
:vpi_module "C:\iverilog\lib\ivl\v2005_math.vpi";
:vpi_module "C:\iverilog\lib\ivl\va_math.vpi";
S_00000241602b65d0 .scope module, "register_set" "register_set" 2 1;
 .timescale 0 0;
    .port_info 0 /INPUT 1 "clk";
    .port_info 1 /INPUT 1 "write_enable";
    .port_info 2 /INPUT 4 "read_reg_addr1";
    .port_info 3 /INPUT 4 "read_reg_addr2";
    .port_info 4 /INPUT 4 "write_reg_addr";
    .port_info 5 /INPUT 8 "write_data";
    .port_info 6 /OUTPUT 8 "read_data1";
    .port_info 7 /OUTPUT 8 "read_data2";
o0000024160556fa8 .functor BUFZ 1, C4<z>; HiZ drive
v00000241602b6760_0 .net "clk", 0 0, o0000024160556fa8;  0 drivers
v00000241602bbf20_0 .var "read_data1", 7 0;
v00000241602b6800_0 .var "read_data2", 7 0;
o0000024160557038 .functor BUFZ 4, C4<zzzz>; HiZ drive
v00000241602b68a0_0 .net "read_reg_addr1", 3 0, o0000024160557038;  0 drivers
o0000024160557068 .functor BUFZ 4, C4<zzzz>; HiZ drive
v00000241602b6940_0 .net "read_reg_addr2", 3 0, o0000024160557068;  0 drivers
v0000024160551710 .array "reg_set", 15 0, 7 0;
o0000024160557398 .functor BUFZ 8, C4<zzzzzzzz>; HiZ drive
v00000241605517b0_0 .net "write_data", 7 0, o0000024160557398;  0 drivers
o00000241605573c8 .functor BUFZ 1, C4<z>; HiZ drive
v0000024160551850_0 .net "write_enable", 0 0, o00000241605573c8;  0 drivers
o00000241605573f8 .functor BUFZ 4, C4<zzzz>; HiZ drive
v00000241605518f0_0 .net "write_reg_addr", 3 0, o00000241605573f8;  0 drivers
v0000024160551710_0 .array/port v0000024160551710, 0;
v0000024160551710_1 .array/port v0000024160551710, 1;
v0000024160551710_2 .array/port v0000024160551710, 2;
E_0000024160556060/0 .event anyedge, v00000241602b68a0_0, v0000024160551710_0, v0000024160551710_1, v0000024160551710_2;
v0000024160551710_3 .array/port v0000024160551710, 3;
v0000024160551710_4 .array/port v0000024160551710, 4;
v0000024160551710_5 .array/port v0000024160551710, 5;
v0000024160551710_6 .array/port v0000024160551710, 6;
E_0000024160556060/1 .event anyedge, v0000024160551710_3, v0000024160551710_4, v0000024160551710_5, v0000024160551710_6;
v0000024160551710_7 .array/port v0000024160551710, 7;
v0000024160551710_8 .array/port v0000024160551710, 8;
v0000024160551710_9 .array/port v0000024160551710, 9;
v0000024160551710_10 .array/port v0000024160551710, 10;
E_0000024160556060/2 .event anyedge, v0000024160551710_7, v0000024160551710_8, v0000024160551710_9, v0000024160551710_10;
v0000024160551710_11 .array/port v0000024160551710, 11;
v0000024160551710_12 .array/port v0000024160551710, 12;
v0000024160551710_13 .array/port v0000024160551710, 13;
v0000024160551710_14 .array/port v0000024160551710, 14;
E_0000024160556060/3 .event anyedge, v0000024160551710_11, v0000024160551710_12, v0000024160551710_13, v0000024160551710_14;
v0000024160551710_15 .array/port v0000024160551710, 15;
E_0000024160556060/4 .event anyedge, v0000024160551710_15, v00000241602b6940_0;
E_0000024160556060 .event/or E_0000024160556060/0, E_0000024160556060/1, E_0000024160556060/2, E_0000024160556060/3, E_0000024160556060/4;
E_00000241605566e0 .event posedge, v00000241602b6760_0;
    .scope S_00000241602b65d0;
T_0 ;
    %wait E_00000241605566e0;
    %load/vec4 v0000024160551850_0;
    %flag_set/vec4 8;
    %jmp/0xz  T_0.0, 8;
    %load/vec4 v00000241605517b0_0;
    %load/vec4 v00000241605518f0_0;
    %pad/u 6;
    %ix/vec4 3;
    %ix/load 4, 0, 0; Constant delay
    %assign/vec4/a/d v0000024160551710, 0, 4;
T_0.0 ;
    %jmp T_0;
    .thread T_0;
    .scope S_00000241602b65d0;
T_1 ;
    %wait E_0000024160556060;
    %load/vec4 v00000241602b68a0_0;
    %pad/u 6;
    %ix/vec4 4;
    %load/vec4a v0000024160551710, 4;
    %store/vec4 v00000241602bbf20_0, 0, 8;
    %load/vec4 v00000241602b6940_0;
    %pad/u 6;
    %ix/vec4 4;
    %load/vec4a v0000024160551710, 4;
    %store/vec4 v00000241602b6800_0, 0, 8;
    %jmp T_1;
    .thread T_1, $push;
# The file index is used to find the file name in the following table.
:file_names 3;
    "N/A";
    "<interactive>";
    "register_file.v";
