#! /c/Source/iverilog-install/bin/vvp
:ivl_version "12.0 (devel)" "(s20150603-1539-g2693dd32b)";
:ivl_delay_selection "TYPICAL";
:vpi_time_precision - 12;
:vpi_module "C:\iverilog\lib\ivl\system.vpi";
:vpi_module "C:\iverilog\lib\ivl\vhdl_sys.vpi";
:vpi_module "C:\iverilog\lib\ivl\vhdl_textio.vpi";
:vpi_module "C:\iverilog\lib\ivl\v2005_math.vpi";
:vpi_module "C:\iverilog\lib\ivl\va_math.vpi";
S_00000284648bbce0 .scope module, "testbench" "testbench" 2 5;
 .timescale -9 -12;
v00000284649129c0_0 .net "alu_result", 7 0, v00000284649115c0_0;  1 drivers
v0000028464913780_0 .var "clk", 0 0;
v0000028464913000_0 .net "current_pc", 7 0, v00000284648b2270_0;  1 drivers
v0000028464914540_0 .net "instruction", 15 0, v00000284648b2950_0;  1 drivers
v00000284649127e0_0 .var "reset", 0 0;
S_000002846489d3b0 .scope module, "dut" "top" 2 13, 3 9 0, S_00000284648bbce0;
 .timescale 0 0;
    .port_info 0 /INPUT 1 "clk";
    .port_info 1 /INPUT 1 "reset";
    .port_info 2 /OUTPUT 16 "instruction";
    .port_info 3 /OUTPUT 8 "current_pc";
    .port_info 4 /OUTPUT 8 "alu_result";
v0000028464910080_0 .net *"_ivl_11", 3 0, L_0000028464912c40;  1 drivers
L_0000028464940160 .functor BUFT 1, C4<1100>, C4<0>, C4<0>, C4<0>;
v000002846490ffe0_0 .net/2u *"_ivl_12", 3 0, L_0000028464940160;  1 drivers
v000002846490f9a0_0 .net *"_ivl_14", 0 0, L_0000028464912ec0;  1 drivers
v00000284649106c0_0 .net *"_ivl_17", 7 0, L_0000028464913140;  1 drivers
v0000028464910da0_0 .net *"_ivl_19", 3 0, L_0000028464913640;  1 drivers
L_00000284649401a8 .functor BUFT 1, C4<1101>, C4<0>, C4<0>, C4<0>;
v0000028464911520_0 .net/2u *"_ivl_20", 3 0, L_00000284649401a8;  1 drivers
v0000028464911660_0 .net *"_ivl_22", 0 0, L_00000284649144a0;  1 drivers
v0000028464910760_0 .net *"_ivl_24", 7 0, L_0000028464913460;  1 drivers
v000002846490fae0_0 .net "alu_op", 1 0, v00000284648b1ff0_0;  1 drivers
v00000284649101c0_0 .net "alu_result", 7 0, v00000284649115c0_0;  alias, 1 drivers
v0000028464910260_0 .net "clk", 0 0, v0000028464913780_0;  1 drivers
v0000028464910300_0 .net "current_pc", 7 0, v00000284648b2270_0;  alias, 1 drivers
v00000284649108a0_0 .net "imm_mode", 0 0, v00000284648b2090_0;  1 drivers
v0000028464910940_0 .net "instruction", 15 0, v00000284648b2950_0;  alias, 1 drivers
v0000028464910e40_0 .net "jump", 0 0, v00000284648b2130_0;  1 drivers
v0000028464910a80_0 .net "jump_zero", 0 0, v00000284648b2590_0;  1 drivers
v0000028464910ee0_0 .net "mem_data", 7 0, v000002846490fe00_0;  1 drivers
v0000028464910b20_0 .net "mem_read", 0 0, v00000284648b2770_0;  1 drivers
v0000028464910bc0_0 .net "mem_write", 0 0, v00000284648b29f0_0;  1 drivers
v0000028464910d00_0 .net "operand2", 7 0, v0000028464910440_0;  1 drivers
v0000028464913280_0 .net "read_data1", 7 0, v00000284649110c0_0;  1 drivers
v00000284649142c0_0 .net "read_data2", 7 0, v0000028464910800_0;  1 drivers
v0000028464912d80_0 .net "reg_write", 0 0, v00000284648b2b30_0;  1 drivers
v0000028464913320_0 .net "reset", 0 0, v00000284649127e0_0;  1 drivers
v00000284649140e0_0 .net "write_data", 7 0, L_00000284649133c0;  1 drivers
v0000028464913dc0_0 .net "zero_flag", 0 0, L_0000028464913e60;  1 drivers
L_00000284649130a0 .part v00000284648b2950_0, 4, 8;
L_0000028464912920 .part v00000284648b2950_0, 12, 4;
L_00000284649136e0 .part v00000284648b2950_0, 8, 4;
L_0000028464914400 .part v00000284648b2950_0, 4, 4;
L_0000028464914360 .part v00000284648b2950_0, 8, 4;
L_0000028464912c40 .part v00000284648b2950_0, 12, 4;
L_0000028464912ec0 .cmp/eq 4, L_0000028464912c40, L_0000028464940160;
L_0000028464913140 .part v00000284648b2950_0, 0, 8;
L_0000028464913640 .part v00000284648b2950_0, 12, 4;
L_00000284649144a0 .cmp/eq 4, L_0000028464913640, L_00000284649401a8;
L_0000028464913460 .functor MUXZ 8, v00000284649115c0_0, v0000028464910800_0, L_00000284649144a0, C4<>;
L_00000284649133c0 .functor MUXZ 8, L_0000028464913460, L_0000028464913140, L_0000028464912ec0, C4<>;
S_000002846489d540 .scope module, "uut1" "pc" 3 23, 4 1 0, S_000002846489d3b0;
 .timescale 0 0;
    .port_info 0 /INPUT 1 "clk";
    .port_info 1 /INPUT 1 "jump";
    .port_info 2 /INPUT 1 "reset";
    .port_info 3 /INPUT 1 "jump_zero";
    .port_info 4 /INPUT 1 "zero_flag";
    .port_info 5 /INPUT 8 "jump_addr";
    .port_info 6 /OUTPUT 8 "current_pc";
v00000284648b21d0_0 .net "clk", 0 0, v0000028464913780_0;  alias, 1 drivers
v00000284648b2270_0 .var "current_pc", 7 0;
v00000284648b2630_0 .net "jump", 0 0, v00000284648b2130_0;  alias, 1 drivers
v00000284648b2bd0_0 .net "jump_addr", 7 0, L_00000284649130a0;  1 drivers
v00000284648b2810_0 .net "jump_zero", 0 0, v00000284648b2590_0;  alias, 1 drivers
v00000284648b23b0_0 .net "reset", 0 0, v00000284649127e0_0;  alias, 1 drivers
v00000284648b28b0_0 .net "zero_flag", 0 0, L_0000028464913e60;  alias, 1 drivers
E_0000028464879d90 .event posedge, v00000284648b23b0_0, v00000284648b21d0_0;
S_0000028464896cd0 .scope module, "uut2" "instruction_memory" 3 33, 5 1 0, S_000002846489d3b0;
 .timescale 0 0;
    .port_info 0 /INPUT 8 "pc";
    .port_info 1 /OUTPUT 16 "instruction";
v00000284648b2950_0 .var "instruction", 15 0;
v00000284648b24f0 .array "instruction_set", 255 0, 15 0;
v00000284648b2ef0_0 .net "pc", 7 0, v00000284648b2270_0;  alias, 1 drivers
v00000284648b24f0_0 .array/port v00000284648b24f0, 0;
v00000284648b24f0_1 .array/port v00000284648b24f0, 1;
v00000284648b24f0_2 .array/port v00000284648b24f0, 2;
E_0000028464879350/0 .event anyedge, v00000284648b2270_0, v00000284648b24f0_0, v00000284648b24f0_1, v00000284648b24f0_2;
v00000284648b24f0_3 .array/port v00000284648b24f0, 3;
v00000284648b24f0_4 .array/port v00000284648b24f0, 4;
v00000284648b24f0_5 .array/port v00000284648b24f0, 5;
v00000284648b24f0_6 .array/port v00000284648b24f0, 6;
E_0000028464879350/1 .event anyedge, v00000284648b24f0_3, v00000284648b24f0_4, v00000284648b24f0_5, v00000284648b24f0_6;
v00000284648b24f0_7 .array/port v00000284648b24f0, 7;
v00000284648b24f0_8 .array/port v00000284648b24f0, 8;
v00000284648b24f0_9 .array/port v00000284648b24f0, 9;
v00000284648b24f0_10 .array/port v00000284648b24f0, 10;
E_0000028464879350/2 .event anyedge, v00000284648b24f0_7, v00000284648b24f0_8, v00000284648b24f0_9, v00000284648b24f0_10;
v00000284648b24f0_11 .array/port v00000284648b24f0, 11;
v00000284648b24f0_12 .array/port v00000284648b24f0, 12;
v00000284648b24f0_13 .array/port v00000284648b24f0, 13;
v00000284648b24f0_14 .array/port v00000284648b24f0, 14;
E_0000028464879350/3 .event anyedge, v00000284648b24f0_11, v00000284648b24f0_12, v00000284648b24f0_13, v00000284648b24f0_14;
v00000284648b24f0_15 .array/port v00000284648b24f0, 15;
v00000284648b24f0_16 .array/port v00000284648b24f0, 16;
v00000284648b24f0_17 .array/port v00000284648b24f0, 17;
v00000284648b24f0_18 .array/port v00000284648b24f0, 18;
E_0000028464879350/4 .event anyedge, v00000284648b24f0_15, v00000284648b24f0_16, v00000284648b24f0_17, v00000284648b24f0_18;
v00000284648b24f0_19 .array/port v00000284648b24f0, 19;
v00000284648b24f0_20 .array/port v00000284648b24f0, 20;
v00000284648b24f0_21 .array/port v00000284648b24f0, 21;
v00000284648b24f0_22 .array/port v00000284648b24f0, 22;
E_0000028464879350/5 .event anyedge, v00000284648b24f0_19, v00000284648b24f0_20, v00000284648b24f0_21, v00000284648b24f0_22;
v00000284648b24f0_23 .array/port v00000284648b24f0, 23;
v00000284648b24f0_24 .array/port v00000284648b24f0, 24;
v00000284648b24f0_25 .array/port v00000284648b24f0, 25;
v00000284648b24f0_26 .array/port v00000284648b24f0, 26;
E_0000028464879350/6 .event anyedge, v00000284648b24f0_23, v00000284648b24f0_24, v00000284648b24f0_25, v00000284648b24f0_26;
v00000284648b24f0_27 .array/port v00000284648b24f0, 27;
v00000284648b24f0_28 .array/port v00000284648b24f0, 28;
v00000284648b24f0_29 .array/port v00000284648b24f0, 29;
v00000284648b24f0_30 .array/port v00000284648b24f0, 30;
E_0000028464879350/7 .event anyedge, v00000284648b24f0_27, v00000284648b24f0_28, v00000284648b24f0_29, v00000284648b24f0_30;
v00000284648b24f0_31 .array/port v00000284648b24f0, 31;
v00000284648b24f0_32 .array/port v00000284648b24f0, 32;
v00000284648b24f0_33 .array/port v00000284648b24f0, 33;
v00000284648b24f0_34 .array/port v00000284648b24f0, 34;
E_0000028464879350/8 .event anyedge, v00000284648b24f0_31, v00000284648b24f0_32, v00000284648b24f0_33, v00000284648b24f0_34;
v00000284648b24f0_35 .array/port v00000284648b24f0, 35;
v00000284648b24f0_36 .array/port v00000284648b24f0, 36;
v00000284648b24f0_37 .array/port v00000284648b24f0, 37;
v00000284648b24f0_38 .array/port v00000284648b24f0, 38;
E_0000028464879350/9 .event anyedge, v00000284648b24f0_35, v00000284648b24f0_36, v00000284648b24f0_37, v00000284648b24f0_38;
v00000284648b24f0_39 .array/port v00000284648b24f0, 39;
v00000284648b24f0_40 .array/port v00000284648b24f0, 40;
v00000284648b24f0_41 .array/port v00000284648b24f0, 41;
v00000284648b24f0_42 .array/port v00000284648b24f0, 42;
E_0000028464879350/10 .event anyedge, v00000284648b24f0_39, v00000284648b24f0_40, v00000284648b24f0_41, v00000284648b24f0_42;
v00000284648b24f0_43 .array/port v00000284648b24f0, 43;
v00000284648b24f0_44 .array/port v00000284648b24f0, 44;
v00000284648b24f0_45 .array/port v00000284648b24f0, 45;
v00000284648b24f0_46 .array/port v00000284648b24f0, 46;
E_0000028464879350/11 .event anyedge, v00000284648b24f0_43, v00000284648b24f0_44, v00000284648b24f0_45, v00000284648b24f0_46;
v00000284648b24f0_47 .array/port v00000284648b24f0, 47;
v00000284648b24f0_48 .array/port v00000284648b24f0, 48;
v00000284648b24f0_49 .array/port v00000284648b24f0, 49;
v00000284648b24f0_50 .array/port v00000284648b24f0, 50;
E_0000028464879350/12 .event anyedge, v00000284648b24f0_47, v00000284648b24f0_48, v00000284648b24f0_49, v00000284648b24f0_50;
v00000284648b24f0_51 .array/port v00000284648b24f0, 51;
v00000284648b24f0_52 .array/port v00000284648b24f0, 52;
v00000284648b24f0_53 .array/port v00000284648b24f0, 53;
v00000284648b24f0_54 .array/port v00000284648b24f0, 54;
E_0000028464879350/13 .event anyedge, v00000284648b24f0_51, v00000284648b24f0_52, v00000284648b24f0_53, v00000284648b24f0_54;
v00000284648b24f0_55 .array/port v00000284648b24f0, 55;
v00000284648b24f0_56 .array/port v00000284648b24f0, 56;
v00000284648b24f0_57 .array/port v00000284648b24f0, 57;
v00000284648b24f0_58 .array/port v00000284648b24f0, 58;
E_0000028464879350/14 .event anyedge, v00000284648b24f0_55, v00000284648b24f0_56, v00000284648b24f0_57, v00000284648b24f0_58;
v00000284648b24f0_59 .array/port v00000284648b24f0, 59;
v00000284648b24f0_60 .array/port v00000284648b24f0, 60;
v00000284648b24f0_61 .array/port v00000284648b24f0, 61;
v00000284648b24f0_62 .array/port v00000284648b24f0, 62;
E_0000028464879350/15 .event anyedge, v00000284648b24f0_59, v00000284648b24f0_60, v00000284648b24f0_61, v00000284648b24f0_62;
v00000284648b24f0_63 .array/port v00000284648b24f0, 63;
v00000284648b24f0_64 .array/port v00000284648b24f0, 64;
v00000284648b24f0_65 .array/port v00000284648b24f0, 65;
v00000284648b24f0_66 .array/port v00000284648b24f0, 66;
E_0000028464879350/16 .event anyedge, v00000284648b24f0_63, v00000284648b24f0_64, v00000284648b24f0_65, v00000284648b24f0_66;
v00000284648b24f0_67 .array/port v00000284648b24f0, 67;
v00000284648b24f0_68 .array/port v00000284648b24f0, 68;
v00000284648b24f0_69 .array/port v00000284648b24f0, 69;
v00000284648b24f0_70 .array/port v00000284648b24f0, 70;
E_0000028464879350/17 .event anyedge, v00000284648b24f0_67, v00000284648b24f0_68, v00000284648b24f0_69, v00000284648b24f0_70;
v00000284648b24f0_71 .array/port v00000284648b24f0, 71;
v00000284648b24f0_72 .array/port v00000284648b24f0, 72;
v00000284648b24f0_73 .array/port v00000284648b24f0, 73;
v00000284648b24f0_74 .array/port v00000284648b24f0, 74;
E_0000028464879350/18 .event anyedge, v00000284648b24f0_71, v00000284648b24f0_72, v00000284648b24f0_73, v00000284648b24f0_74;
v00000284648b24f0_75 .array/port v00000284648b24f0, 75;
v00000284648b24f0_76 .array/port v00000284648b24f0, 76;
v00000284648b24f0_77 .array/port v00000284648b24f0, 77;
v00000284648b24f0_78 .array/port v00000284648b24f0, 78;
E_0000028464879350/19 .event anyedge, v00000284648b24f0_75, v00000284648b24f0_76, v00000284648b24f0_77, v00000284648b24f0_78;
v00000284648b24f0_79 .array/port v00000284648b24f0, 79;
v00000284648b24f0_80 .array/port v00000284648b24f0, 80;
v00000284648b24f0_81 .array/port v00000284648b24f0, 81;
v00000284648b24f0_82 .array/port v00000284648b24f0, 82;
E_0000028464879350/20 .event anyedge, v00000284648b24f0_79, v00000284648b24f0_80, v00000284648b24f0_81, v00000284648b24f0_82;
v00000284648b24f0_83 .array/port v00000284648b24f0, 83;
v00000284648b24f0_84 .array/port v00000284648b24f0, 84;
v00000284648b24f0_85 .array/port v00000284648b24f0, 85;
v00000284648b24f0_86 .array/port v00000284648b24f0, 86;
E_0000028464879350/21 .event anyedge, v00000284648b24f0_83, v00000284648b24f0_84, v00000284648b24f0_85, v00000284648b24f0_86;
v00000284648b24f0_87 .array/port v00000284648b24f0, 87;
v00000284648b24f0_88 .array/port v00000284648b24f0, 88;
v00000284648b24f0_89 .array/port v00000284648b24f0, 89;
v00000284648b24f0_90 .array/port v00000284648b24f0, 90;
E_0000028464879350/22 .event anyedge, v00000284648b24f0_87, v00000284648b24f0_88, v00000284648b24f0_89, v00000284648b24f0_90;
v00000284648b24f0_91 .array/port v00000284648b24f0, 91;
v00000284648b24f0_92 .array/port v00000284648b24f0, 92;
v00000284648b24f0_93 .array/port v00000284648b24f0, 93;
v00000284648b24f0_94 .array/port v00000284648b24f0, 94;
E_0000028464879350/23 .event anyedge, v00000284648b24f0_91, v00000284648b24f0_92, v00000284648b24f0_93, v00000284648b24f0_94;
v00000284648b24f0_95 .array/port v00000284648b24f0, 95;
v00000284648b24f0_96 .array/port v00000284648b24f0, 96;
v00000284648b24f0_97 .array/port v00000284648b24f0, 97;
v00000284648b24f0_98 .array/port v00000284648b24f0, 98;
E_0000028464879350/24 .event anyedge, v00000284648b24f0_95, v00000284648b24f0_96, v00000284648b24f0_97, v00000284648b24f0_98;
v00000284648b24f0_99 .array/port v00000284648b24f0, 99;
v00000284648b24f0_100 .array/port v00000284648b24f0, 100;
v00000284648b24f0_101 .array/port v00000284648b24f0, 101;
v00000284648b24f0_102 .array/port v00000284648b24f0, 102;
E_0000028464879350/25 .event anyedge, v00000284648b24f0_99, v00000284648b24f0_100, v00000284648b24f0_101, v00000284648b24f0_102;
v00000284648b24f0_103 .array/port v00000284648b24f0, 103;
v00000284648b24f0_104 .array/port v00000284648b24f0, 104;
v00000284648b24f0_105 .array/port v00000284648b24f0, 105;
v00000284648b24f0_106 .array/port v00000284648b24f0, 106;
E_0000028464879350/26 .event anyedge, v00000284648b24f0_103, v00000284648b24f0_104, v00000284648b24f0_105, v00000284648b24f0_106;
v00000284648b24f0_107 .array/port v00000284648b24f0, 107;
v00000284648b24f0_108 .array/port v00000284648b24f0, 108;
v00000284648b24f0_109 .array/port v00000284648b24f0, 109;
v00000284648b24f0_110 .array/port v00000284648b24f0, 110;
E_0000028464879350/27 .event anyedge, v00000284648b24f0_107, v00000284648b24f0_108, v00000284648b24f0_109, v00000284648b24f0_110;
v00000284648b24f0_111 .array/port v00000284648b24f0, 111;
v00000284648b24f0_112 .array/port v00000284648b24f0, 112;
v00000284648b24f0_113 .array/port v00000284648b24f0, 113;
v00000284648b24f0_114 .array/port v00000284648b24f0, 114;
E_0000028464879350/28 .event anyedge, v00000284648b24f0_111, v00000284648b24f0_112, v00000284648b24f0_113, v00000284648b24f0_114;
v00000284648b24f0_115 .array/port v00000284648b24f0, 115;
v00000284648b24f0_116 .array/port v00000284648b24f0, 116;
v00000284648b24f0_117 .array/port v00000284648b24f0, 117;
v00000284648b24f0_118 .array/port v00000284648b24f0, 118;
E_0000028464879350/29 .event anyedge, v00000284648b24f0_115, v00000284648b24f0_116, v00000284648b24f0_117, v00000284648b24f0_118;
v00000284648b24f0_119 .array/port v00000284648b24f0, 119;
v00000284648b24f0_120 .array/port v00000284648b24f0, 120;
v00000284648b24f0_121 .array/port v00000284648b24f0, 121;
v00000284648b24f0_122 .array/port v00000284648b24f0, 122;
E_0000028464879350/30 .event anyedge, v00000284648b24f0_119, v00000284648b24f0_120, v00000284648b24f0_121, v00000284648b24f0_122;
v00000284648b24f0_123 .array/port v00000284648b24f0, 123;
v00000284648b24f0_124 .array/port v00000284648b24f0, 124;
v00000284648b24f0_125 .array/port v00000284648b24f0, 125;
v00000284648b24f0_126 .array/port v00000284648b24f0, 126;
E_0000028464879350/31 .event anyedge, v00000284648b24f0_123, v00000284648b24f0_124, v00000284648b24f0_125, v00000284648b24f0_126;
v00000284648b24f0_127 .array/port v00000284648b24f0, 127;
v00000284648b24f0_128 .array/port v00000284648b24f0, 128;
v00000284648b24f0_129 .array/port v00000284648b24f0, 129;
v00000284648b24f0_130 .array/port v00000284648b24f0, 130;
E_0000028464879350/32 .event anyedge, v00000284648b24f0_127, v00000284648b24f0_128, v00000284648b24f0_129, v00000284648b24f0_130;
v00000284648b24f0_131 .array/port v00000284648b24f0, 131;
v00000284648b24f0_132 .array/port v00000284648b24f0, 132;
v00000284648b24f0_133 .array/port v00000284648b24f0, 133;
v00000284648b24f0_134 .array/port v00000284648b24f0, 134;
E_0000028464879350/33 .event anyedge, v00000284648b24f0_131, v00000284648b24f0_132, v00000284648b24f0_133, v00000284648b24f0_134;
v00000284648b24f0_135 .array/port v00000284648b24f0, 135;
v00000284648b24f0_136 .array/port v00000284648b24f0, 136;
v00000284648b24f0_137 .array/port v00000284648b24f0, 137;
v00000284648b24f0_138 .array/port v00000284648b24f0, 138;
E_0000028464879350/34 .event anyedge, v00000284648b24f0_135, v00000284648b24f0_136, v00000284648b24f0_137, v00000284648b24f0_138;
v00000284648b24f0_139 .array/port v00000284648b24f0, 139;
v00000284648b24f0_140 .array/port v00000284648b24f0, 140;
v00000284648b24f0_141 .array/port v00000284648b24f0, 141;
v00000284648b24f0_142 .array/port v00000284648b24f0, 142;
E_0000028464879350/35 .event anyedge, v00000284648b24f0_139, v00000284648b24f0_140, v00000284648b24f0_141, v00000284648b24f0_142;
v00000284648b24f0_143 .array/port v00000284648b24f0, 143;
v00000284648b24f0_144 .array/port v00000284648b24f0, 144;
v00000284648b24f0_145 .array/port v00000284648b24f0, 145;
v00000284648b24f0_146 .array/port v00000284648b24f0, 146;
E_0000028464879350/36 .event anyedge, v00000284648b24f0_143, v00000284648b24f0_144, v00000284648b24f0_145, v00000284648b24f0_146;
v00000284648b24f0_147 .array/port v00000284648b24f0, 147;
v00000284648b24f0_148 .array/port v00000284648b24f0, 148;
v00000284648b24f0_149 .array/port v00000284648b24f0, 149;
v00000284648b24f0_150 .array/port v00000284648b24f0, 150;
E_0000028464879350/37 .event anyedge, v00000284648b24f0_147, v00000284648b24f0_148, v00000284648b24f0_149, v00000284648b24f0_150;
v00000284648b24f0_151 .array/port v00000284648b24f0, 151;
v00000284648b24f0_152 .array/port v00000284648b24f0, 152;
v00000284648b24f0_153 .array/port v00000284648b24f0, 153;
v00000284648b24f0_154 .array/port v00000284648b24f0, 154;
E_0000028464879350/38 .event anyedge, v00000284648b24f0_151, v00000284648b24f0_152, v00000284648b24f0_153, v00000284648b24f0_154;
v00000284648b24f0_155 .array/port v00000284648b24f0, 155;
v00000284648b24f0_156 .array/port v00000284648b24f0, 156;
v00000284648b24f0_157 .array/port v00000284648b24f0, 157;
v00000284648b24f0_158 .array/port v00000284648b24f0, 158;
E_0000028464879350/39 .event anyedge, v00000284648b24f0_155, v00000284648b24f0_156, v00000284648b24f0_157, v00000284648b24f0_158;
v00000284648b24f0_159 .array/port v00000284648b24f0, 159;
v00000284648b24f0_160 .array/port v00000284648b24f0, 160;
v00000284648b24f0_161 .array/port v00000284648b24f0, 161;
v00000284648b24f0_162 .array/port v00000284648b24f0, 162;
E_0000028464879350/40 .event anyedge, v00000284648b24f0_159, v00000284648b24f0_160, v00000284648b24f0_161, v00000284648b24f0_162;
v00000284648b24f0_163 .array/port v00000284648b24f0, 163;
v00000284648b24f0_164 .array/port v00000284648b24f0, 164;
v00000284648b24f0_165 .array/port v00000284648b24f0, 165;
v00000284648b24f0_166 .array/port v00000284648b24f0, 166;
E_0000028464879350/41 .event anyedge, v00000284648b24f0_163, v00000284648b24f0_164, v00000284648b24f0_165, v00000284648b24f0_166;
v00000284648b24f0_167 .array/port v00000284648b24f0, 167;
v00000284648b24f0_168 .array/port v00000284648b24f0, 168;
v00000284648b24f0_169 .array/port v00000284648b24f0, 169;
v00000284648b24f0_170 .array/port v00000284648b24f0, 170;
E_0000028464879350/42 .event anyedge, v00000284648b24f0_167, v00000284648b24f0_168, v00000284648b24f0_169, v00000284648b24f0_170;
v00000284648b24f0_171 .array/port v00000284648b24f0, 171;
v00000284648b24f0_172 .array/port v00000284648b24f0, 172;
v00000284648b24f0_173 .array/port v00000284648b24f0, 173;
v00000284648b24f0_174 .array/port v00000284648b24f0, 174;
E_0000028464879350/43 .event anyedge, v00000284648b24f0_171, v00000284648b24f0_172, v00000284648b24f0_173, v00000284648b24f0_174;
v00000284648b24f0_175 .array/port v00000284648b24f0, 175;
v00000284648b24f0_176 .array/port v00000284648b24f0, 176;
v00000284648b24f0_177 .array/port v00000284648b24f0, 177;
v00000284648b24f0_178 .array/port v00000284648b24f0, 178;
E_0000028464879350/44 .event anyedge, v00000284648b24f0_175, v00000284648b24f0_176, v00000284648b24f0_177, v00000284648b24f0_178;
v00000284648b24f0_179 .array/port v00000284648b24f0, 179;
v00000284648b24f0_180 .array/port v00000284648b24f0, 180;
v00000284648b24f0_181 .array/port v00000284648b24f0, 181;
v00000284648b24f0_182 .array/port v00000284648b24f0, 182;
E_0000028464879350/45 .event anyedge, v00000284648b24f0_179, v00000284648b24f0_180, v00000284648b24f0_181, v00000284648b24f0_182;
v00000284648b24f0_183 .array/port v00000284648b24f0, 183;
v00000284648b24f0_184 .array/port v00000284648b24f0, 184;
v00000284648b24f0_185 .array/port v00000284648b24f0, 185;
v00000284648b24f0_186 .array/port v00000284648b24f0, 186;
E_0000028464879350/46 .event anyedge, v00000284648b24f0_183, v00000284648b24f0_184, v00000284648b24f0_185, v00000284648b24f0_186;
v00000284648b24f0_187 .array/port v00000284648b24f0, 187;
v00000284648b24f0_188 .array/port v00000284648b24f0, 188;
v00000284648b24f0_189 .array/port v00000284648b24f0, 189;
v00000284648b24f0_190 .array/port v00000284648b24f0, 190;
E_0000028464879350/47 .event anyedge, v00000284648b24f0_187, v00000284648b24f0_188, v00000284648b24f0_189, v00000284648b24f0_190;
v00000284648b24f0_191 .array/port v00000284648b24f0, 191;
v00000284648b24f0_192 .array/port v00000284648b24f0, 192;
v00000284648b24f0_193 .array/port v00000284648b24f0, 193;
v00000284648b24f0_194 .array/port v00000284648b24f0, 194;
E_0000028464879350/48 .event anyedge, v00000284648b24f0_191, v00000284648b24f0_192, v00000284648b24f0_193, v00000284648b24f0_194;
v00000284648b24f0_195 .array/port v00000284648b24f0, 195;
v00000284648b24f0_196 .array/port v00000284648b24f0, 196;
v00000284648b24f0_197 .array/port v00000284648b24f0, 197;
v00000284648b24f0_198 .array/port v00000284648b24f0, 198;
E_0000028464879350/49 .event anyedge, v00000284648b24f0_195, v00000284648b24f0_196, v00000284648b24f0_197, v00000284648b24f0_198;
v00000284648b24f0_199 .array/port v00000284648b24f0, 199;
v00000284648b24f0_200 .array/port v00000284648b24f0, 200;
v00000284648b24f0_201 .array/port v00000284648b24f0, 201;
v00000284648b24f0_202 .array/port v00000284648b24f0, 202;
E_0000028464879350/50 .event anyedge, v00000284648b24f0_199, v00000284648b24f0_200, v00000284648b24f0_201, v00000284648b24f0_202;
v00000284648b24f0_203 .array/port v00000284648b24f0, 203;
v00000284648b24f0_204 .array/port v00000284648b24f0, 204;
v00000284648b24f0_205 .array/port v00000284648b24f0, 205;
v00000284648b24f0_206 .array/port v00000284648b24f0, 206;
E_0000028464879350/51 .event anyedge, v00000284648b24f0_203, v00000284648b24f0_204, v00000284648b24f0_205, v00000284648b24f0_206;
v00000284648b24f0_207 .array/port v00000284648b24f0, 207;
v00000284648b24f0_208 .array/port v00000284648b24f0, 208;
v00000284648b24f0_209 .array/port v00000284648b24f0, 209;
v00000284648b24f0_210 .array/port v00000284648b24f0, 210;
E_0000028464879350/52 .event anyedge, v00000284648b24f0_207, v00000284648b24f0_208, v00000284648b24f0_209, v00000284648b24f0_210;
v00000284648b24f0_211 .array/port v00000284648b24f0, 211;
v00000284648b24f0_212 .array/port v00000284648b24f0, 212;
v00000284648b24f0_213 .array/port v00000284648b24f0, 213;
v00000284648b24f0_214 .array/port v00000284648b24f0, 214;
E_0000028464879350/53 .event anyedge, v00000284648b24f0_211, v00000284648b24f0_212, v00000284648b24f0_213, v00000284648b24f0_214;
v00000284648b24f0_215 .array/port v00000284648b24f0, 215;
v00000284648b24f0_216 .array/port v00000284648b24f0, 216;
v00000284648b24f0_217 .array/port v00000284648b24f0, 217;
v00000284648b24f0_218 .array/port v00000284648b24f0, 218;
E_0000028464879350/54 .event anyedge, v00000284648b24f0_215, v00000284648b24f0_216, v00000284648b24f0_217, v00000284648b24f0_218;
v00000284648b24f0_219 .array/port v00000284648b24f0, 219;
v00000284648b24f0_220 .array/port v00000284648b24f0, 220;
v00000284648b24f0_221 .array/port v00000284648b24f0, 221;
v00000284648b24f0_222 .array/port v00000284648b24f0, 222;
E_0000028464879350/55 .event anyedge, v00000284648b24f0_219, v00000284648b24f0_220, v00000284648b24f0_221, v00000284648b24f0_222;
v00000284648b24f0_223 .array/port v00000284648b24f0, 223;
v00000284648b24f0_224 .array/port v00000284648b24f0, 224;
v00000284648b24f0_225 .array/port v00000284648b24f0, 225;
v00000284648b24f0_226 .array/port v00000284648b24f0, 226;
E_0000028464879350/56 .event anyedge, v00000284648b24f0_223, v00000284648b24f0_224, v00000284648b24f0_225, v00000284648b24f0_226;
v00000284648b24f0_227 .array/port v00000284648b24f0, 227;
v00000284648b24f0_228 .array/port v00000284648b24f0, 228;
v00000284648b24f0_229 .array/port v00000284648b24f0, 229;
v00000284648b24f0_230 .array/port v00000284648b24f0, 230;
E_0000028464879350/57 .event anyedge, v00000284648b24f0_227, v00000284648b24f0_228, v00000284648b24f0_229, v00000284648b24f0_230;
v00000284648b24f0_231 .array/port v00000284648b24f0, 231;
v00000284648b24f0_232 .array/port v00000284648b24f0, 232;
v00000284648b24f0_233 .array/port v00000284648b24f0, 233;
v00000284648b24f0_234 .array/port v00000284648b24f0, 234;
E_0000028464879350/58 .event anyedge, v00000284648b24f0_231, v00000284648b24f0_232, v00000284648b24f0_233, v00000284648b24f0_234;
v00000284648b24f0_235 .array/port v00000284648b24f0, 235;
v00000284648b24f0_236 .array/port v00000284648b24f0, 236;
v00000284648b24f0_237 .array/port v00000284648b24f0, 237;
v00000284648b24f0_238 .array/port v00000284648b24f0, 238;
E_0000028464879350/59 .event anyedge, v00000284648b24f0_235, v00000284648b24f0_236, v00000284648b24f0_237, v00000284648b24f0_238;
v00000284648b24f0_239 .array/port v00000284648b24f0, 239;
v00000284648b24f0_240 .array/port v00000284648b24f0, 240;
v00000284648b24f0_241 .array/port v00000284648b24f0, 241;
v00000284648b24f0_242 .array/port v00000284648b24f0, 242;
E_0000028464879350/60 .event anyedge, v00000284648b24f0_239, v00000284648b24f0_240, v00000284648b24f0_241, v00000284648b24f0_242;
v00000284648b24f0_243 .array/port v00000284648b24f0, 243;
v00000284648b24f0_244 .array/port v00000284648b24f0, 244;
v00000284648b24f0_245 .array/port v00000284648b24f0, 245;
v00000284648b24f0_246 .array/port v00000284648b24f0, 246;
E_0000028464879350/61 .event anyedge, v00000284648b24f0_243, v00000284648b24f0_244, v00000284648b24f0_245, v00000284648b24f0_246;
v00000284648b24f0_247 .array/port v00000284648b24f0, 247;
v00000284648b24f0_248 .array/port v00000284648b24f0, 248;
v00000284648b24f0_249 .array/port v00000284648b24f0, 249;
v00000284648b24f0_250 .array/port v00000284648b24f0, 250;
E_0000028464879350/62 .event anyedge, v00000284648b24f0_247, v00000284648b24f0_248, v00000284648b24f0_249, v00000284648b24f0_250;
v00000284648b24f0_251 .array/port v00000284648b24f0, 251;
v00000284648b24f0_252 .array/port v00000284648b24f0, 252;
v00000284648b24f0_253 .array/port v00000284648b24f0, 253;
v00000284648b24f0_254 .array/port v00000284648b24f0, 254;
E_0000028464879350/63 .event anyedge, v00000284648b24f0_251, v00000284648b24f0_252, v00000284648b24f0_253, v00000284648b24f0_254;
v00000284648b24f0_255 .array/port v00000284648b24f0, 255;
E_0000028464879350/64 .event anyedge, v00000284648b24f0_255;
E_0000028464879350 .event/or E_0000028464879350/0, E_0000028464879350/1, E_0000028464879350/2, E_0000028464879350/3, E_0000028464879350/4, E_0000028464879350/5, E_0000028464879350/6, E_0000028464879350/7, E_0000028464879350/8, E_0000028464879350/9, E_0000028464879350/10, E_0000028464879350/11, E_0000028464879350/12, E_0000028464879350/13, E_0000028464879350/14, E_0000028464879350/15, E_0000028464879350/16, E_0000028464879350/17, E_0000028464879350/18, E_0000028464879350/19, E_0000028464879350/20, E_0000028464879350/21, E_0000028464879350/22, E_0000028464879350/23, E_0000028464879350/24, E_0000028464879350/25, E_0000028464879350/26, E_0000028464879350/27, E_0000028464879350/28, E_0000028464879350/29, E_0000028464879350/30, E_0000028464879350/31, E_0000028464879350/32, E_0000028464879350/33, E_0000028464879350/34, E_0000028464879350/35, E_0000028464879350/36, E_0000028464879350/37, E_0000028464879350/38, E_0000028464879350/39, E_0000028464879350/40, E_0000028464879350/41, E_0000028464879350/42, E_0000028464879350/43, E_0000028464879350/44, E_0000028464879350/45, E_0000028464879350/46, E_0000028464879350/47, E_0000028464879350/48, E_0000028464879350/49, E_0000028464879350/50, E_0000028464879350/51, E_0000028464879350/52, E_0000028464879350/53, E_0000028464879350/54, E_0000028464879350/55, E_0000028464879350/56, E_0000028464879350/57, E_0000028464879350/58, E_0000028464879350/59, E_0000028464879350/60, E_0000028464879350/61, E_0000028464879350/62, E_0000028464879350/63, E_0000028464879350/64;
S_0000028464896e60 .scope module, "uut3" "controll_unit" 3 38, 6 1 0, S_000002846489d3b0;
 .timescale 0 0;
    .port_info 0 /INPUT 4 "opcode";
    .port_info 1 /OUTPUT 1 "reg_write";
    .port_info 2 /OUTPUT 1 "mem_read";
    .port_info 3 /OUTPUT 1 "mem_write";
    .port_info 4 /OUTPUT 1 "jump";
    .port_info 5 /OUTPUT 1 "jump_zero";
    .port_info 6 /OUTPUT 1 "imm_mode";
    .port_info 7 /OUTPUT 2 "alu_op";
v00000284648b1ff0_0 .var "alu_op", 1 0;
v00000284648b2090_0 .var "imm_mode", 0 0;
v00000284648b2130_0 .var "jump", 0 0;
v00000284648b2590_0 .var "jump_zero", 0 0;
v00000284648b2770_0 .var "mem_read", 0 0;
v00000284648b29f0_0 .var "mem_write", 0 0;
v00000284648b2a90_0 .net "opcode", 3 0, L_0000028464912920;  1 drivers
v00000284648b2b30_0 .var "reg_write", 0 0;
E_0000028464879750 .event anyedge, v00000284648b2a90_0;
S_00000284648933a0 .scope module, "uut4" "register_set" 3 49, 7 1 0, S_000002846489d3b0;
 .timescale 0 0;
    .port_info 0 /INPUT 1 "clk";
    .port_info 1 /INPUT 1 "reg_write";
    .port_info 2 /INPUT 4 "read_reg_addr1";
    .port_info 3 /INPUT 4 "read_reg_addr2";
    .port_info 4 /INPUT 4 "write_reg_addr";
    .port_info 5 /INPUT 8 "write_data";
    .port_info 6 /OUTPUT 8 "read_data1";
    .port_info 7 /OUTPUT 8 "read_data2";
v0000028464911200_0 .net "clk", 0 0, v0000028464913780_0;  alias, 1 drivers
v00000284649110c0_0 .var "read_data1", 7 0;
v0000028464910800_0 .var "read_data2", 7 0;
v0000028464911160_0 .net "read_reg_addr1", 3 0, L_00000284649136e0;  1 drivers
v00000284649112a0_0 .net "read_reg_addr2", 3 0, L_0000028464914400;  1 drivers
v0000028464910f80 .array "reg_set", 15 0, 7 0;
v000002846490fb80_0 .net "reg_write", 0 0, v00000284648b2b30_0;  alias, 1 drivers
v000002846490f860_0 .net "write_data", 7 0, L_00000284649133c0;  alias, 1 drivers
v000002846490f7c0_0 .net "write_reg_addr", 3 0, L_0000028464914360;  1 drivers
v0000028464910f80_0 .array/port v0000028464910f80, 0;
v0000028464910f80_1 .array/port v0000028464910f80, 1;
v0000028464910f80_2 .array/port v0000028464910f80, 2;
E_0000028464879490/0 .event anyedge, v0000028464911160_0, v0000028464910f80_0, v0000028464910f80_1, v0000028464910f80_2;
v0000028464910f80_3 .array/port v0000028464910f80, 3;
v0000028464910f80_4 .array/port v0000028464910f80, 4;
v0000028464910f80_5 .array/port v0000028464910f80, 5;
v0000028464910f80_6 .array/port v0000028464910f80, 6;
E_0000028464879490/1 .event anyedge, v0000028464910f80_3, v0000028464910f80_4, v0000028464910f80_5, v0000028464910f80_6;
v0000028464910f80_7 .array/port v0000028464910f80, 7;
v0000028464910f80_8 .array/port v0000028464910f80, 8;
v0000028464910f80_9 .array/port v0000028464910f80, 9;
v0000028464910f80_10 .array/port v0000028464910f80, 10;
E_0000028464879490/2 .event anyedge, v0000028464910f80_7, v0000028464910f80_8, v0000028464910f80_9, v0000028464910f80_10;
v0000028464910f80_11 .array/port v0000028464910f80, 11;
v0000028464910f80_12 .array/port v0000028464910f80, 12;
v0000028464910f80_13 .array/port v0000028464910f80, 13;
v0000028464910f80_14 .array/port v0000028464910f80, 14;
E_0000028464879490/3 .event anyedge, v0000028464910f80_11, v0000028464910f80_12, v0000028464910f80_13, v0000028464910f80_14;
v0000028464910f80_15 .array/port v0000028464910f80, 15;
E_0000028464879490/4 .event anyedge, v0000028464910f80_15, v00000284649112a0_0;
E_0000028464879490 .event/or E_0000028464879490/0, E_0000028464879490/1, E_0000028464879490/2, E_0000028464879490/3, E_0000028464879490/4;
E_0000028464879a90 .event posedge, v00000284648b21d0_0;
S_0000028464893530 .scope module, "uut5" "immediate_mode" 3 60, 8 1 0, S_000002846489d3b0;
 .timescale 0 0;
    .port_info 0 /INPUT 16 "instruction";
    .port_info 1 /INPUT 1 "imm_mode";
    .port_info 2 /INPUT 8 "read_data2";
    .port_info 3 /OUTPUT 8 "operand2";
v000002846490fc20_0 .net "imm_mode", 0 0, v00000284648b2090_0;  alias, 1 drivers
v0000028464910580_0 .net "instruction", 15 0, v00000284648b2950_0;  alias, 1 drivers
v0000028464910440_0 .var "operand2", 7 0;
v00000284649104e0_0 .net "read_data2", 7 0, v0000028464910800_0;  alias, 1 drivers
E_0000028464879ad0 .event anyedge, v00000284648b2090_0, v00000284648b2950_0, v0000028464910800_0;
S_00000284648908d0 .scope module, "uut6" "alu" 3 67, 9 1 0, S_000002846489d3b0;
 .timescale 0 0;
    .port_info 0 /INPUT 8 "operand1";
    .port_info 1 /INPUT 8 "operand2";
    .port_info 2 /INPUT 2 "alu_op";
    .port_info 3 /OUTPUT 8 "result";
    .port_info 4 /OUTPUT 1 "zero_flag";
L_0000028464940088 .functor BUFT 1, C4<00000000>, C4<0>, C4<0>, C4<0>;
v0000028464911020_0 .net/2u *"_ivl_0", 7 0, L_0000028464940088;  1 drivers
v000002846490fcc0_0 .net *"_ivl_2", 0 0, L_0000028464912880;  1 drivers
L_00000284649400d0 .functor BUFT 1, C4<1>, C4<0>, C4<0>, C4<0>;
v000002846490fa40_0 .net/2u *"_ivl_4", 0 0, L_00000284649400d0;  1 drivers
L_0000028464940118 .functor BUFT 1, C4<0>, C4<0>, C4<0>, C4<0>;
v0000028464910620_0 .net/2u *"_ivl_6", 0 0, L_0000028464940118;  1 drivers
v0000028464910120_0 .net "alu_op", 1 0, v00000284648b1ff0_0;  alias, 1 drivers
v0000028464911340_0 .net "operand1", 7 0, v00000284649110c0_0;  alias, 1 drivers
v0000028464910c60_0 .net "operand2", 7 0, v0000028464910440_0;  alias, 1 drivers
v00000284649115c0_0 .var "result", 7 0;
v00000284649113e0_0 .net "zero_flag", 0 0, L_0000028464913e60;  alias, 1 drivers
E_0000028464879f90 .event anyedge, v00000284648b1ff0_0, v00000284649110c0_0, v0000028464910440_0;
L_0000028464912880 .cmp/eq 8, v00000284649115c0_0, L_0000028464940088;
L_0000028464913e60 .functor MUXZ 1, L_0000028464940118, L_00000284649400d0, L_0000028464912880, C4<>;
S_0000028464890a60 .scope module, "uut7" "data_memory" 3 75, 10 1 0, S_000002846489d3b0;
 .timescale 0 0;
    .port_info 0 /INPUT 1 "clk";
    .port_info 1 /INPUT 8 "address";
    .port_info 2 /INPUT 8 "write_data";
    .port_info 3 /INPUT 1 "mem_read";
    .port_info 4 /INPUT 1 "mem_write";
    .port_info 5 /OUTPUT 8 "read_data";
v000002846490f900_0 .net "address", 7 0, v00000284649115c0_0;  alias, 1 drivers
v000002846490ff40_0 .net "clk", 0 0, v0000028464913780_0;  alias, 1 drivers
v0000028464911480 .array "mem", 255 0, 7 0;
v000002846490fd60_0 .net "mem_read", 0 0, v00000284648b2770_0;  alias, 1 drivers
v00000284649109e0_0 .net "mem_write", 0 0, v00000284648b29f0_0;  alias, 1 drivers
v000002846490fe00_0 .var "read_data", 7 0;
v000002846490fea0_0 .net "write_data", 7 0, v00000284649110c0_0;  alias, 1 drivers
    .scope S_000002846489d540;
T_0 ;
    %wait E_0000028464879d90;
    %load/vec4 v00000284648b23b0_0;
    %flag_set/vec4 8;
    %jmp/0xz  T_0.0, 8;
    %pushi/vec4 0, 0, 8;
    %assign/vec4 v00000284648b2270_0, 0;
    %jmp T_0.1;
T_0.0 ;
    %load/vec4 v00000284648b2630_0;
    %flag_set/vec4 8;
    %jmp/0xz  T_0.2, 8;
    %load/vec4 v00000284648b2bd0_0;
    %assign/vec4 v00000284648b2270_0, 0;
    %jmp T_0.3;
T_0.2 ;
    %load/vec4 v00000284648b2810_0;
    %flag_set/vec4 9;
    %flag_get/vec4 9;
    %jmp/0 T_0.6, 9;
    %load/vec4 v00000284648b28b0_0;
    %and;
T_0.6;
    %flag_set/vec4 8;
    %jmp/0xz  T_0.4, 8;
    %load/vec4 v00000284648b2bd0_0;
    %assign/vec4 v00000284648b2270_0, 0;
    %jmp T_0.5;
T_0.4 ;
    %load/vec4 v00000284648b2270_0;
    %addi 1, 0, 8;
    %assign/vec4 v00000284648b2270_0, 0;
T_0.5 ;
T_0.3 ;
T_0.1 ;
    %jmp T_0;
    .thread T_0;
    .scope S_0000028464896cd0;
T_1 ;
    %pushi/vec4 49157, 0, 16;
    %ix/load 4, 0, 0;
    %flag_set/imm 4, 0;
    %store/vec4a v00000284648b24f0, 4, 0;
    %pushi/vec4 49415, 0, 16;
    %ix/load 4, 1, 0;
    %flag_set/imm 4, 0;
    %store/vec4a v00000284648b24f0, 4, 0;
    %pushi/vec4 16, 0, 16;
    %ix/load 4, 2, 0;
    %flag_set/imm 4, 0;
    %store/vec4a v00000284648b24f0, 4, 0;
    %pushi/vec4 24591, 0, 16;
    %ix/load 4, 3, 0;
    %flag_set/imm 4, 0;
    %store/vec4a v00000284648b24f0, 4, 0;
    %pushi/vec4 12544, 0, 16;
    %ix/load 4, 4, 0;
    %flag_set/imm 4, 0;
    %store/vec4a v00000284648b24f0, 4, 0;
    %pushi/vec4 16639, 0, 16;
    %ix/load 4, 5, 0;
    %flag_set/imm 4, 0;
    %store/vec4a v00000284648b24f0, 4, 0;
    %pushi/vec4 36912, 0, 16;
    %ix/load 4, 6, 0;
    %flag_set/imm 4, 0;
    %store/vec4a v00000284648b24f0, 4, 0;
    %end;
    .thread T_1;
    .scope S_0000028464896cd0;
T_2 ;
    %wait E_0000028464879350;
    %load/vec4 v00000284648b2ef0_0;
    %pad/u 10;
    %ix/vec4 4;
    %load/vec4a v00000284648b24f0, 4;
    %store/vec4 v00000284648b2950_0, 0, 16;
    %jmp T_2;
    .thread T_2, $push;
    .scope S_0000028464896e60;
T_3 ;
    %wait E_0000028464879750;
    %pushi/vec4 0, 0, 1;
    %store/vec4 v00000284648b2b30_0, 0, 1;
    %pushi/vec4 0, 0, 1;
    %store/vec4 v00000284648b2770_0, 0, 1;
    %pushi/vec4 0, 0, 1;
    %store/vec4 v00000284648b29f0_0, 0, 1;
    %pushi/vec4 0, 0, 1;
    %store/vec4 v00000284648b2130_0, 0, 1;
    %pushi/vec4 0, 0, 1;
    %store/vec4 v00000284648b2590_0, 0, 1;
    %pushi/vec4 0, 0, 2;
    %store/vec4 v00000284648b1ff0_0, 0, 2;
    %pushi/vec4 0, 0, 1;
    %store/vec4 v00000284648b2090_0, 0, 1;
    %load/vec4 v00000284648b2a90_0;
    %parti/s 2, 2, 3;
    %dup/vec4;
    %pushi/vec4 0, 0, 2;
    %cmp/u;
    %jmp/1 T_3.0, 6;
    %dup/vec4;
    %pushi/vec4 1, 0, 2;
    %cmp/u;
    %jmp/1 T_3.1, 6;
    %dup/vec4;
    %pushi/vec4 2, 0, 2;
    %cmp/u;
    %jmp/1 T_3.2, 6;
    %dup/vec4;
    %pushi/vec4 3, 0, 2;
    %cmp/u;
    %jmp/1 T_3.3, 6;
    %jmp T_3.4;
T_3.0 ;
    %pushi/vec4 1, 0, 1;
    %store/vec4 v00000284648b2b30_0, 0, 1;
    %load/vec4 v00000284648b2a90_0;
    %parti/s 2, 0, 2;
    %store/vec4 v00000284648b1ff0_0, 0, 2;
    %jmp T_3.4;
T_3.1 ;
    %pushi/vec4 1, 0, 1;
    %store/vec4 v00000284648b2b30_0, 0, 1;
    %load/vec4 v00000284648b2a90_0;
    %parti/s 2, 0, 2;
    %store/vec4 v00000284648b1ff0_0, 0, 2;
    %pushi/vec4 1, 0, 1;
    %store/vec4 v00000284648b2090_0, 0, 1;
    %jmp T_3.4;
T_3.2 ;
    %load/vec4 v00000284648b2a90_0;
    %parti/s 2, 0, 2;
    %cmpi/e 0, 0, 2;
    %jmp/0xz  T_3.5, 4;
    %pushi/vec4 1, 0, 1;
    %store/vec4 v00000284648b2130_0, 0, 1;
    %jmp T_3.6;
T_3.5 ;
    %pushi/vec4 1, 0, 1;
    %store/vec4 v00000284648b2590_0, 0, 1;
T_3.6 ;
    %jmp T_3.4;
T_3.3 ;
    %load/vec4 v00000284648b2a90_0;
    %parti/s 2, 0, 2;
    %cmpi/e 0, 0, 2;
    %jmp/0xz  T_3.7, 4;
    %pushi/vec4 1, 0, 1;
    %store/vec4 v00000284648b2b30_0, 0, 1;
    %jmp T_3.8;
T_3.7 ;
    %pushi/vec4 1, 0, 1;
    %store/vec4 v00000284648b29f0_0, 0, 1;
T_3.8 ;
    %jmp T_3.4;
T_3.4 ;
    %pop/vec4 1;
    %jmp T_3;
    .thread T_3, $push;
    .scope S_00000284648933a0;
T_4 ;
    %wait E_0000028464879a90;
    %load/vec4 v000002846490fb80_0;
    %flag_set/vec4 8;
    %jmp/0xz  T_4.0, 8;
    %load/vec4 v000002846490f860_0;
    %load/vec4 v000002846490f7c0_0;
    %pad/u 6;
    %ix/vec4 3;
    %ix/load 4, 0, 0; Constant delay
    %assign/vec4/a/d v0000028464910f80, 0, 4;
T_4.0 ;
    %jmp T_4;
    .thread T_4;
    .scope S_00000284648933a0;
T_5 ;
    %wait E_0000028464879490;
    %load/vec4 v0000028464911160_0;
    %pad/u 6;
    %ix/vec4 4;
    %load/vec4a v0000028464910f80, 4;
    %store/vec4 v00000284649110c0_0, 0, 8;
    %load/vec4 v00000284649112a0_0;
    %pad/u 6;
    %ix/vec4 4;
    %load/vec4a v0000028464910f80, 4;
    %store/vec4 v0000028464910800_0, 0, 8;
    %jmp T_5;
    .thread T_5, $push;
    .scope S_0000028464893530;
T_6 ;
    %wait E_0000028464879ad0;
    %load/vec4 v000002846490fc20_0;
    %flag_set/vec4 8;
    %jmp/0xz  T_6.0, 8;
    %load/vec4 v0000028464910580_0;
    %parti/s 8, 0, 2;
    %store/vec4 v0000028464910440_0, 0, 8;
    %jmp T_6.1;
T_6.0 ;
    %load/vec4 v00000284649104e0_0;
    %store/vec4 v0000028464910440_0, 0, 8;
T_6.1 ;
    %jmp T_6;
    .thread T_6, $push;
    .scope S_00000284648908d0;
T_7 ;
    %wait E_0000028464879f90;
    %load/vec4 v0000028464910120_0;
    %dup/vec4;
    %pushi/vec4 0, 0, 2;
    %cmp/u;
    %jmp/1 T_7.0, 6;
    %dup/vec4;
    %pushi/vec4 1, 0, 2;
    %cmp/u;
    %jmp/1 T_7.1, 6;
    %dup/vec4;
    %pushi/vec4 2, 0, 2;
    %cmp/u;
    %jmp/1 T_7.2, 6;
    %dup/vec4;
    %pushi/vec4 3, 0, 2;
    %cmp/u;
    %jmp/1 T_7.3, 6;
    %jmp T_7.4;
T_7.0 ;
    %load/vec4 v0000028464911340_0;
    %load/vec4 v0000028464910c60_0;
    %and;
    %store/vec4 v00000284649115c0_0, 0, 8;
    %jmp T_7.4;
T_7.1 ;
    %load/vec4 v0000028464911340_0;
    %load/vec4 v0000028464910c60_0;
    %or;
    %store/vec4 v00000284649115c0_0, 0, 8;
    %jmp T_7.4;
T_7.2 ;
    %load/vec4 v0000028464911340_0;
    %load/vec4 v0000028464910c60_0;
    %xor;
    %store/vec4 v00000284649115c0_0, 0, 8;
    %jmp T_7.4;
T_7.3 ;
    %load/vec4 v0000028464911340_0;
    %inv;
    %store/vec4 v00000284649115c0_0, 0, 8;
    %jmp T_7.4;
T_7.4 ;
    %pop/vec4 1;
    %jmp T_7;
    .thread T_7, $push;
    .scope S_0000028464890a60;
T_8 ;
    %wait E_0000028464879a90;
    %load/vec4 v00000284649109e0_0;
    %flag_set/vec4 8;
    %jmp/0xz  T_8.0, 8;
    %load/vec4 v000002846490fea0_0;
    %load/vec4 v000002846490f900_0;
    %pad/u 10;
    %ix/vec4 3;
    %ix/load 4, 0, 0; Constant delay
    %assign/vec4/a/d v0000028464911480, 0, 4;
T_8.0 ;
    %jmp T_8;
    .thread T_8;
    .scope S_0000028464890a60;
T_9 ;
    %wait E_0000028464879a90;
    %load/vec4 v000002846490fd60_0;
    %flag_set/vec4 8;
    %jmp/0xz  T_9.0, 8;
    %load/vec4 v000002846490f900_0;
    %pad/u 10;
    %ix/vec4 4;
    %load/vec4a v0000028464911480, 4;
    %store/vec4 v000002846490fe00_0, 0, 8;
    %jmp T_9.1;
T_9.0 ;
    %pushi/vec4 0, 0, 8;
    %store/vec4 v000002846490fe00_0, 0, 8;
T_9.1 ;
    %jmp T_9;
    .thread T_9;
    .scope S_00000284648bbce0;
T_10 ;
    %pushi/vec4 0, 0, 1;
    %store/vec4 v0000028464913780_0, 0, 1;
T_10.0 ;
    %delay 5000, 0;
    %load/vec4 v0000028464913780_0;
    %inv;
    %store/vec4 v0000028464913780_0, 0, 1;
    %jmp T_10.0;
    %end;
    .thread T_10;
    .scope S_00000284648bbce0;
T_11 ;
    %pushi/vec4 1, 0, 1;
    %store/vec4 v00000284649127e0_0, 0, 1;
    %delay 15000, 0;
    %pushi/vec4 0, 0, 1;
    %store/vec4 v00000284649127e0_0, 0, 1;
    %delay 150000, 0;
    %vpi_call 2 31 "$finish" {0 0 0};
    %end;
    .thread T_11;
    .scope S_00000284648bbce0;
T_12 ;
    %vpi_call 2 36 "$dumpfile", "waveform.vcd" {0 0 0};
    %vpi_call 2 37 "$dumpvars", 32'sb00000000000000000000000000000000, S_00000284648bbce0 {0 0 0};
    %end;
    .thread T_12;
# The file index is used to find the file name in the following table.
:file_names 11;
    "N/A";
    "<interactive>";
    "tb.v";
    "./top.v";
    "./program_counter.v";
    "./instruction_memory.v";
    "./controll_unit.v";
    "./register_file.v";
    "./immediate_mode.v";
    "./alu.v";
    "./data_memory.v";
