#! /c/Source/iverilog-install/bin/vvp
:ivl_version "12.0 (devel)" "(s20150603-1539-g2693dd32b)";
:ivl_delay_selection "TYPICAL";
:vpi_time_precision + 0;
:vpi_module "C:\iverilog\lib\ivl\system.vpi";
:vpi_module "C:\iverilog\lib\ivl\vhdl_sys.vpi";
:vpi_module "C:\iverilog\lib\ivl\vhdl_textio.vpi";
:vpi_module "C:\iverilog\lib\ivl\v2005_math.vpi";
:vpi_module "C:\iverilog\lib\ivl\va_math.vpi";
S_000002052d52d3b0 .scope module, "top" "top" 2 9;
 .timescale 0 0;
    .port_info 0 /INPUT 1 "clk";
    .port_info 1 /INPUT 1 "reset";
    .port_info 2 /OUTPUT 16 "instruction";
    .port_info 3 /OUTPUT 8 "current_pc";
    .port_info 4 /OUTPUT 8 "alu_result";
v000002052d5966f0_0 .net *"_ivl_13", 3 0, L_000002052d5a0fc0;  1 drivers
L_000002052d660160 .functor BUFT 1, C4<1100>, C4<0>, C4<0>, C4<0>;
v000002052d596f10_0 .net/2u *"_ivl_14", 3 0, L_000002052d660160;  1 drivers
v000002052d596ab0_0 .net *"_ivl_16", 0 0, L_000002052d5a1740;  1 drivers
v000002052d596fb0_0 .net *"_ivl_19", 7 0, L_000002052d5a17e0;  1 drivers
v000002052d5968d0_0 .net "alu_op", 1 0, v000002052d5961f0_0;  1 drivers
v000002052d597050_0 .net "alu_result", 7 0, v000002052d5959d0_0;  1 drivers
o000002052d543048 .functor BUFZ 1, C4<z>; HiZ drive
v000002052d595f70_0 .net "clk", 0 0, o000002052d543048;  0 drivers
v000002052d5951b0_0 .net "current_pc", 7 0, v000002052d541380_0;  1 drivers
v000002052d5952f0_0 .net "imm_mode", 0 0, v000002052d595610_0;  1 drivers
v000002052d59fa80_0 .net "instruction", 15 0, v000002052d5965b0_0;  1 drivers
v000002052d5a0520_0 .net "jump", 0 0, v000002052d595bb0_0;  1 drivers
v000002052d5a0ca0_0 .net "jump_zero", 0 0, v000002052d596010_0;  1 drivers
v000002052d5a0b60_0 .net "mem_data", 7 0, v000002052d596e70_0;  1 drivers
v000002052d5a00c0_0 .net "mem_read", 0 0, v000002052d596bf0_0;  1 drivers
v000002052d5a0340_0 .net "mem_write", 0 0, v000002052d5963d0_0;  1 drivers
v000002052d5a1060_0 .net "operand2", 7 0, v000002052d596470_0;  1 drivers
v000002052d5a08e0_0 .net "read_data1", 7 0, v000002052d5957f0_0;  1 drivers
v000002052d5a0d40_0 .net "read_data2", 7 0, v000002052d595a70_0;  1 drivers
v000002052d59fc60_0 .net "reg_write", 0 0, v000002052d595570_0;  1 drivers
o000002052d543138 .functor BUFZ 1, C4<z>; HiZ drive
v000002052d5a14c0_0 .net "reset", 0 0, o000002052d543138;  0 drivers
v000002052d5a16a0_0 .net "write_data", 7 0, L_000002052d5a1100;  1 drivers
v000002052d5a0c00_0 .net "zero_flag", 0 0, L_000002052d5a0f20;  1 drivers
L_000002052d59fee0 .part v000002052d5965b0_0, 4, 8;
L_000002052d5a0de0 .part v000002052d5965b0_0, 12, 4;
L_000002052d59fda0 .part v000002052d5965b0_0, 8, 4;
L_000002052d5a0e80 .part v000002052d5965b0_0, 4, 4;
L_000002052d5a12e0 .part v000002052d5965b0_0, 8, 4;
L_000002052d5a1600 .part v000002052d5965b0_0, 4, 8;
L_000002052d5a0fc0 .part v000002052d5965b0_0, 12, 4;
L_000002052d5a1740 .cmp/eq 4, L_000002052d5a0fc0, L_000002052d660160;
L_000002052d5a17e0 .part v000002052d5965b0_0, 0, 8;
L_000002052d5a1100 .functor MUXZ 8, v000002052d5959d0_0, L_000002052d5a17e0, L_000002052d5a1740, C4<>;
S_000002052d52d540 .scope module, "uut1" "pc" 2 23, 3 1 0, S_000002052d52d3b0;
 .timescale 0 0;
    .port_info 0 /INPUT 1 "clk";
    .port_info 1 /INPUT 1 "jump";
    .port_info 2 /INPUT 1 "reset";
    .port_info 3 /INPUT 1 "jump_zero";
    .port_info 4 /INPUT 1 "zero_flag";
    .port_info 5 /INPUT 8 "jump_addr";
    .port_info 6 /OUTPUT 8 "current_pc";
v000002052d5411a0_0 .net "clk", 0 0, o000002052d543048;  alias, 0 drivers
v000002052d541380_0 .var "current_pc", 7 0;
v000002052d541240_0 .net "jump", 0 0, v000002052d595bb0_0;  alias, 1 drivers
v000002052d5412e0_0 .net "jump_addr", 7 0, L_000002052d59fee0;  1 drivers
v000002052d541420_0 .net "jump_zero", 0 0, v000002052d596010_0;  alias, 1 drivers
v000002052d541560_0 .net "reset", 0 0, o000002052d543138;  alias, 0 drivers
v000002052d541600_0 .net "zero_flag", 0 0, L_000002052d5a0f20;  alias, 1 drivers
E_000002052d53c760 .event posedge, v000002052d541560_0, v000002052d5411a0_0;
S_000002052d5233a0 .scope module, "uut2" "instruction_memory" 2 33, 4 1 0, S_000002052d52d3b0;
 .timescale 0 0;
    .port_info 0 /INPUT 8 "pc";
    .port_info 1 /OUTPUT 16 "instruction";
v000002052d5965b0_0 .var "instruction", 15 0;
v000002052d595c50 .array "instruction_set", 255 0, 15 0;
v000002052d595cf0_0 .net "pc", 7 0, v000002052d541380_0;  alias, 1 drivers
v000002052d595c50_0 .array/port v000002052d595c50, 0;
v000002052d595c50_1 .array/port v000002052d595c50, 1;
v000002052d595c50_2 .array/port v000002052d595c50, 2;
E_000002052d53bfa0/0 .event anyedge, v000002052d541380_0, v000002052d595c50_0, v000002052d595c50_1, v000002052d595c50_2;
v000002052d595c50_3 .array/port v000002052d595c50, 3;
v000002052d595c50_4 .array/port v000002052d595c50, 4;
v000002052d595c50_5 .array/port v000002052d595c50, 5;
v000002052d595c50_6 .array/port v000002052d595c50, 6;
E_000002052d53bfa0/1 .event anyedge, v000002052d595c50_3, v000002052d595c50_4, v000002052d595c50_5, v000002052d595c50_6;
v000002052d595c50_7 .array/port v000002052d595c50, 7;
v000002052d595c50_8 .array/port v000002052d595c50, 8;
v000002052d595c50_9 .array/port v000002052d595c50, 9;
v000002052d595c50_10 .array/port v000002052d595c50, 10;
E_000002052d53bfa0/2 .event anyedge, v000002052d595c50_7, v000002052d595c50_8, v000002052d595c50_9, v000002052d595c50_10;
v000002052d595c50_11 .array/port v000002052d595c50, 11;
v000002052d595c50_12 .array/port v000002052d595c50, 12;
v000002052d595c50_13 .array/port v000002052d595c50, 13;
v000002052d595c50_14 .array/port v000002052d595c50, 14;
E_000002052d53bfa0/3 .event anyedge, v000002052d595c50_11, v000002052d595c50_12, v000002052d595c50_13, v000002052d595c50_14;
v000002052d595c50_15 .array/port v000002052d595c50, 15;
v000002052d595c50_16 .array/port v000002052d595c50, 16;
v000002052d595c50_17 .array/port v000002052d595c50, 17;
v000002052d595c50_18 .array/port v000002052d595c50, 18;
E_000002052d53bfa0/4 .event anyedge, v000002052d595c50_15, v000002052d595c50_16, v000002052d595c50_17, v000002052d595c50_18;
v000002052d595c50_19 .array/port v000002052d595c50, 19;
v000002052d595c50_20 .array/port v000002052d595c50, 20;
v000002052d595c50_21 .array/port v000002052d595c50, 21;
v000002052d595c50_22 .array/port v000002052d595c50, 22;
E_000002052d53bfa0/5 .event anyedge, v000002052d595c50_19, v000002052d595c50_20, v000002052d595c50_21, v000002052d595c50_22;
v000002052d595c50_23 .array/port v000002052d595c50, 23;
v000002052d595c50_24 .array/port v000002052d595c50, 24;
v000002052d595c50_25 .array/port v000002052d595c50, 25;
v000002052d595c50_26 .array/port v000002052d595c50, 26;
E_000002052d53bfa0/6 .event anyedge, v000002052d595c50_23, v000002052d595c50_24, v000002052d595c50_25, v000002052d595c50_26;
v000002052d595c50_27 .array/port v000002052d595c50, 27;
v000002052d595c50_28 .array/port v000002052d595c50, 28;
v000002052d595c50_29 .array/port v000002052d595c50, 29;
v000002052d595c50_30 .array/port v000002052d595c50, 30;
E_000002052d53bfa0/7 .event anyedge, v000002052d595c50_27, v000002052d595c50_28, v000002052d595c50_29, v000002052d595c50_30;
v000002052d595c50_31 .array/port v000002052d595c50, 31;
v000002052d595c50_32 .array/port v000002052d595c50, 32;
v000002052d595c50_33 .array/port v000002052d595c50, 33;
v000002052d595c50_34 .array/port v000002052d595c50, 34;
E_000002052d53bfa0/8 .event anyedge, v000002052d595c50_31, v000002052d595c50_32, v000002052d595c50_33, v000002052d595c50_34;
v000002052d595c50_35 .array/port v000002052d595c50, 35;
v000002052d595c50_36 .array/port v000002052d595c50, 36;
v000002052d595c50_37 .array/port v000002052d595c50, 37;
v000002052d595c50_38 .array/port v000002052d595c50, 38;
E_000002052d53bfa0/9 .event anyedge, v000002052d595c50_35, v000002052d595c50_36, v000002052d595c50_37, v000002052d595c50_38;
v000002052d595c50_39 .array/port v000002052d595c50, 39;
v000002052d595c50_40 .array/port v000002052d595c50, 40;
v000002052d595c50_41 .array/port v000002052d595c50, 41;
v000002052d595c50_42 .array/port v000002052d595c50, 42;
E_000002052d53bfa0/10 .event anyedge, v000002052d595c50_39, v000002052d595c50_40, v000002052d595c50_41, v000002052d595c50_42;
v000002052d595c50_43 .array/port v000002052d595c50, 43;
v000002052d595c50_44 .array/port v000002052d595c50, 44;
v000002052d595c50_45 .array/port v000002052d595c50, 45;
v000002052d595c50_46 .array/port v000002052d595c50, 46;
E_000002052d53bfa0/11 .event anyedge, v000002052d595c50_43, v000002052d595c50_44, v000002052d595c50_45, v000002052d595c50_46;
v000002052d595c50_47 .array/port v000002052d595c50, 47;
v000002052d595c50_48 .array/port v000002052d595c50, 48;
v000002052d595c50_49 .array/port v000002052d595c50, 49;
v000002052d595c50_50 .array/port v000002052d595c50, 50;
E_000002052d53bfa0/12 .event anyedge, v000002052d595c50_47, v000002052d595c50_48, v000002052d595c50_49, v000002052d595c50_50;
v000002052d595c50_51 .array/port v000002052d595c50, 51;
v000002052d595c50_52 .array/port v000002052d595c50, 52;
v000002052d595c50_53 .array/port v000002052d595c50, 53;
v000002052d595c50_54 .array/port v000002052d595c50, 54;
E_000002052d53bfa0/13 .event anyedge, v000002052d595c50_51, v000002052d595c50_52, v000002052d595c50_53, v000002052d595c50_54;
v000002052d595c50_55 .array/port v000002052d595c50, 55;
v000002052d595c50_56 .array/port v000002052d595c50, 56;
v000002052d595c50_57 .array/port v000002052d595c50, 57;
v000002052d595c50_58 .array/port v000002052d595c50, 58;
E_000002052d53bfa0/14 .event anyedge, v000002052d595c50_55, v000002052d595c50_56, v000002052d595c50_57, v000002052d595c50_58;
v000002052d595c50_59 .array/port v000002052d595c50, 59;
v000002052d595c50_60 .array/port v000002052d595c50, 60;
v000002052d595c50_61 .array/port v000002052d595c50, 61;
v000002052d595c50_62 .array/port v000002052d595c50, 62;
E_000002052d53bfa0/15 .event anyedge, v000002052d595c50_59, v000002052d595c50_60, v000002052d595c50_61, v000002052d595c50_62;
v000002052d595c50_63 .array/port v000002052d595c50, 63;
v000002052d595c50_64 .array/port v000002052d595c50, 64;
v000002052d595c50_65 .array/port v000002052d595c50, 65;
v000002052d595c50_66 .array/port v000002052d595c50, 66;
E_000002052d53bfa0/16 .event anyedge, v000002052d595c50_63, v000002052d595c50_64, v000002052d595c50_65, v000002052d595c50_66;
v000002052d595c50_67 .array/port v000002052d595c50, 67;
v000002052d595c50_68 .array/port v000002052d595c50, 68;
v000002052d595c50_69 .array/port v000002052d595c50, 69;
v000002052d595c50_70 .array/port v000002052d595c50, 70;
E_000002052d53bfa0/17 .event anyedge, v000002052d595c50_67, v000002052d595c50_68, v000002052d595c50_69, v000002052d595c50_70;
v000002052d595c50_71 .array/port v000002052d595c50, 71;
v000002052d595c50_72 .array/port v000002052d595c50, 72;
v000002052d595c50_73 .array/port v000002052d595c50, 73;
v000002052d595c50_74 .array/port v000002052d595c50, 74;
E_000002052d53bfa0/18 .event anyedge, v000002052d595c50_71, v000002052d595c50_72, v000002052d595c50_73, v000002052d595c50_74;
v000002052d595c50_75 .array/port v000002052d595c50, 75;
v000002052d595c50_76 .array/port v000002052d595c50, 76;
v000002052d595c50_77 .array/port v000002052d595c50, 77;
v000002052d595c50_78 .array/port v000002052d595c50, 78;
E_000002052d53bfa0/19 .event anyedge, v000002052d595c50_75, v000002052d595c50_76, v000002052d595c50_77, v000002052d595c50_78;
v000002052d595c50_79 .array/port v000002052d595c50, 79;
v000002052d595c50_80 .array/port v000002052d595c50, 80;
v000002052d595c50_81 .array/port v000002052d595c50, 81;
v000002052d595c50_82 .array/port v000002052d595c50, 82;
E_000002052d53bfa0/20 .event anyedge, v000002052d595c50_79, v000002052d595c50_80, v000002052d595c50_81, v000002052d595c50_82;
v000002052d595c50_83 .array/port v000002052d595c50, 83;
v000002052d595c50_84 .array/port v000002052d595c50, 84;
v000002052d595c50_85 .array/port v000002052d595c50, 85;
v000002052d595c50_86 .array/port v000002052d595c50, 86;
E_000002052d53bfa0/21 .event anyedge, v000002052d595c50_83, v000002052d595c50_84, v000002052d595c50_85, v000002052d595c50_86;
v000002052d595c50_87 .array/port v000002052d595c50, 87;
v000002052d595c50_88 .array/port v000002052d595c50, 88;
v000002052d595c50_89 .array/port v000002052d595c50, 89;
v000002052d595c50_90 .array/port v000002052d595c50, 90;
E_000002052d53bfa0/22 .event anyedge, v000002052d595c50_87, v000002052d595c50_88, v000002052d595c50_89, v000002052d595c50_90;
v000002052d595c50_91 .array/port v000002052d595c50, 91;
v000002052d595c50_92 .array/port v000002052d595c50, 92;
v000002052d595c50_93 .array/port v000002052d595c50, 93;
v000002052d595c50_94 .array/port v000002052d595c50, 94;
E_000002052d53bfa0/23 .event anyedge, v000002052d595c50_91, v000002052d595c50_92, v000002052d595c50_93, v000002052d595c50_94;
v000002052d595c50_95 .array/port v000002052d595c50, 95;
v000002052d595c50_96 .array/port v000002052d595c50, 96;
v000002052d595c50_97 .array/port v000002052d595c50, 97;
v000002052d595c50_98 .array/port v000002052d595c50, 98;
E_000002052d53bfa0/24 .event anyedge, v000002052d595c50_95, v000002052d595c50_96, v000002052d595c50_97, v000002052d595c50_98;
v000002052d595c50_99 .array/port v000002052d595c50, 99;
v000002052d595c50_100 .array/port v000002052d595c50, 100;
v000002052d595c50_101 .array/port v000002052d595c50, 101;
v000002052d595c50_102 .array/port v000002052d595c50, 102;
E_000002052d53bfa0/25 .event anyedge, v000002052d595c50_99, v000002052d595c50_100, v000002052d595c50_101, v000002052d595c50_102;
v000002052d595c50_103 .array/port v000002052d595c50, 103;
v000002052d595c50_104 .array/port v000002052d595c50, 104;
v000002052d595c50_105 .array/port v000002052d595c50, 105;
v000002052d595c50_106 .array/port v000002052d595c50, 106;
E_000002052d53bfa0/26 .event anyedge, v000002052d595c50_103, v000002052d595c50_104, v000002052d595c50_105, v000002052d595c50_106;
v000002052d595c50_107 .array/port v000002052d595c50, 107;
v000002052d595c50_108 .array/port v000002052d595c50, 108;
v000002052d595c50_109 .array/port v000002052d595c50, 109;
v000002052d595c50_110 .array/port v000002052d595c50, 110;
E_000002052d53bfa0/27 .event anyedge, v000002052d595c50_107, v000002052d595c50_108, v000002052d595c50_109, v000002052d595c50_110;
v000002052d595c50_111 .array/port v000002052d595c50, 111;
v000002052d595c50_112 .array/port v000002052d595c50, 112;
v000002052d595c50_113 .array/port v000002052d595c50, 113;
v000002052d595c50_114 .array/port v000002052d595c50, 114;
E_000002052d53bfa0/28 .event anyedge, v000002052d595c50_111, v000002052d595c50_112, v000002052d595c50_113, v000002052d595c50_114;
v000002052d595c50_115 .array/port v000002052d595c50, 115;
v000002052d595c50_116 .array/port v000002052d595c50, 116;
v000002052d595c50_117 .array/port v000002052d595c50, 117;
v000002052d595c50_118 .array/port v000002052d595c50, 118;
E_000002052d53bfa0/29 .event anyedge, v000002052d595c50_115, v000002052d595c50_116, v000002052d595c50_117, v000002052d595c50_118;
v000002052d595c50_119 .array/port v000002052d595c50, 119;
v000002052d595c50_120 .array/port v000002052d595c50, 120;
v000002052d595c50_121 .array/port v000002052d595c50, 121;
v000002052d595c50_122 .array/port v000002052d595c50, 122;
E_000002052d53bfa0/30 .event anyedge, v000002052d595c50_119, v000002052d595c50_120, v000002052d595c50_121, v000002052d595c50_122;
v000002052d595c50_123 .array/port v000002052d595c50, 123;
v000002052d595c50_124 .array/port v000002052d595c50, 124;
v000002052d595c50_125 .array/port v000002052d595c50, 125;
v000002052d595c50_126 .array/port v000002052d595c50, 126;
E_000002052d53bfa0/31 .event anyedge, v000002052d595c50_123, v000002052d595c50_124, v000002052d595c50_125, v000002052d595c50_126;
v000002052d595c50_127 .array/port v000002052d595c50, 127;
v000002052d595c50_128 .array/port v000002052d595c50, 128;
v000002052d595c50_129 .array/port v000002052d595c50, 129;
v000002052d595c50_130 .array/port v000002052d595c50, 130;
E_000002052d53bfa0/32 .event anyedge, v000002052d595c50_127, v000002052d595c50_128, v000002052d595c50_129, v000002052d595c50_130;
v000002052d595c50_131 .array/port v000002052d595c50, 131;
v000002052d595c50_132 .array/port v000002052d595c50, 132;
v000002052d595c50_133 .array/port v000002052d595c50, 133;
v000002052d595c50_134 .array/port v000002052d595c50, 134;
E_000002052d53bfa0/33 .event anyedge, v000002052d595c50_131, v000002052d595c50_132, v000002052d595c50_133, v000002052d595c50_134;
v000002052d595c50_135 .array/port v000002052d595c50, 135;
v000002052d595c50_136 .array/port v000002052d595c50, 136;
v000002052d595c50_137 .array/port v000002052d595c50, 137;
v000002052d595c50_138 .array/port v000002052d595c50, 138;
E_000002052d53bfa0/34 .event anyedge, v000002052d595c50_135, v000002052d595c50_136, v000002052d595c50_137, v000002052d595c50_138;
v000002052d595c50_139 .array/port v000002052d595c50, 139;
v000002052d595c50_140 .array/port v000002052d595c50, 140;
v000002052d595c50_141 .array/port v000002052d595c50, 141;
v000002052d595c50_142 .array/port v000002052d595c50, 142;
E_000002052d53bfa0/35 .event anyedge, v000002052d595c50_139, v000002052d595c50_140, v000002052d595c50_141, v000002052d595c50_142;
v000002052d595c50_143 .array/port v000002052d595c50, 143;
v000002052d595c50_144 .array/port v000002052d595c50, 144;
v000002052d595c50_145 .array/port v000002052d595c50, 145;
v000002052d595c50_146 .array/port v000002052d595c50, 146;
E_000002052d53bfa0/36 .event anyedge, v000002052d595c50_143, v000002052d595c50_144, v000002052d595c50_145, v000002052d595c50_146;
v000002052d595c50_147 .array/port v000002052d595c50, 147;
v000002052d595c50_148 .array/port v000002052d595c50, 148;
v000002052d595c50_149 .array/port v000002052d595c50, 149;
v000002052d595c50_150 .array/port v000002052d595c50, 150;
E_000002052d53bfa0/37 .event anyedge, v000002052d595c50_147, v000002052d595c50_148, v000002052d595c50_149, v000002052d595c50_150;
v000002052d595c50_151 .array/port v000002052d595c50, 151;
v000002052d595c50_152 .array/port v000002052d595c50, 152;
v000002052d595c50_153 .array/port v000002052d595c50, 153;
v000002052d595c50_154 .array/port v000002052d595c50, 154;
E_000002052d53bfa0/38 .event anyedge, v000002052d595c50_151, v000002052d595c50_152, v000002052d595c50_153, v000002052d595c50_154;
v000002052d595c50_155 .array/port v000002052d595c50, 155;
v000002052d595c50_156 .array/port v000002052d595c50, 156;
v000002052d595c50_157 .array/port v000002052d595c50, 157;
v000002052d595c50_158 .array/port v000002052d595c50, 158;
E_000002052d53bfa0/39 .event anyedge, v000002052d595c50_155, v000002052d595c50_156, v000002052d595c50_157, v000002052d595c50_158;
v000002052d595c50_159 .array/port v000002052d595c50, 159;
v000002052d595c50_160 .array/port v000002052d595c50, 160;
v000002052d595c50_161 .array/port v000002052d595c50, 161;
v000002052d595c50_162 .array/port v000002052d595c50, 162;
E_000002052d53bfa0/40 .event anyedge, v000002052d595c50_159, v000002052d595c50_160, v000002052d595c50_161, v000002052d595c50_162;
v000002052d595c50_163 .array/port v000002052d595c50, 163;
v000002052d595c50_164 .array/port v000002052d595c50, 164;
v000002052d595c50_165 .array/port v000002052d595c50, 165;
v000002052d595c50_166 .array/port v000002052d595c50, 166;
E_000002052d53bfa0/41 .event anyedge, v000002052d595c50_163, v000002052d595c50_164, v000002052d595c50_165, v000002052d595c50_166;
v000002052d595c50_167 .array/port v000002052d595c50, 167;
v000002052d595c50_168 .array/port v000002052d595c50, 168;
v000002052d595c50_169 .array/port v000002052d595c50, 169;
v000002052d595c50_170 .array/port v000002052d595c50, 170;
E_000002052d53bfa0/42 .event anyedge, v000002052d595c50_167, v000002052d595c50_168, v000002052d595c50_169, v000002052d595c50_170;
v000002052d595c50_171 .array/port v000002052d595c50, 171;
v000002052d595c50_172 .array/port v000002052d595c50, 172;
v000002052d595c50_173 .array/port v000002052d595c50, 173;
v000002052d595c50_174 .array/port v000002052d595c50, 174;
E_000002052d53bfa0/43 .event anyedge, v000002052d595c50_171, v000002052d595c50_172, v000002052d595c50_173, v000002052d595c50_174;
v000002052d595c50_175 .array/port v000002052d595c50, 175;
v000002052d595c50_176 .array/port v000002052d595c50, 176;
v000002052d595c50_177 .array/port v000002052d595c50, 177;
v000002052d595c50_178 .array/port v000002052d595c50, 178;
E_000002052d53bfa0/44 .event anyedge, v000002052d595c50_175, v000002052d595c50_176, v000002052d595c50_177, v000002052d595c50_178;
v000002052d595c50_179 .array/port v000002052d595c50, 179;
v000002052d595c50_180 .array/port v000002052d595c50, 180;
v000002052d595c50_181 .array/port v000002052d595c50, 181;
v000002052d595c50_182 .array/port v000002052d595c50, 182;
E_000002052d53bfa0/45 .event anyedge, v000002052d595c50_179, v000002052d595c50_180, v000002052d595c50_181, v000002052d595c50_182;
v000002052d595c50_183 .array/port v000002052d595c50, 183;
v000002052d595c50_184 .array/port v000002052d595c50, 184;
v000002052d595c50_185 .array/port v000002052d595c50, 185;
v000002052d595c50_186 .array/port v000002052d595c50, 186;
E_000002052d53bfa0/46 .event anyedge, v000002052d595c50_183, v000002052d595c50_184, v000002052d595c50_185, v000002052d595c50_186;
v000002052d595c50_187 .array/port v000002052d595c50, 187;
v000002052d595c50_188 .array/port v000002052d595c50, 188;
v000002052d595c50_189 .array/port v000002052d595c50, 189;
v000002052d595c50_190 .array/port v000002052d595c50, 190;
E_000002052d53bfa0/47 .event anyedge, v000002052d595c50_187, v000002052d595c50_188, v000002052d595c50_189, v000002052d595c50_190;
v000002052d595c50_191 .array/port v000002052d595c50, 191;
v000002052d595c50_192 .array/port v000002052d595c50, 192;
v000002052d595c50_193 .array/port v000002052d595c50, 193;
v000002052d595c50_194 .array/port v000002052d595c50, 194;
E_000002052d53bfa0/48 .event anyedge, v000002052d595c50_191, v000002052d595c50_192, v000002052d595c50_193, v000002052d595c50_194;
v000002052d595c50_195 .array/port v000002052d595c50, 195;
v000002052d595c50_196 .array/port v000002052d595c50, 196;
v000002052d595c50_197 .array/port v000002052d595c50, 197;
v000002052d595c50_198 .array/port v000002052d595c50, 198;
E_000002052d53bfa0/49 .event anyedge, v000002052d595c50_195, v000002052d595c50_196, v000002052d595c50_197, v000002052d595c50_198;
v000002052d595c50_199 .array/port v000002052d595c50, 199;
v000002052d595c50_200 .array/port v000002052d595c50, 200;
v000002052d595c50_201 .array/port v000002052d595c50, 201;
v000002052d595c50_202 .array/port v000002052d595c50, 202;
E_000002052d53bfa0/50 .event anyedge, v000002052d595c50_199, v000002052d595c50_200, v000002052d595c50_201, v000002052d595c50_202;
v000002052d595c50_203 .array/port v000002052d595c50, 203;
v000002052d595c50_204 .array/port v000002052d595c50, 204;
v000002052d595c50_205 .array/port v000002052d595c50, 205;
v000002052d595c50_206 .array/port v000002052d595c50, 206;
E_000002052d53bfa0/51 .event anyedge, v000002052d595c50_203, v000002052d595c50_204, v000002052d595c50_205, v000002052d595c50_206;
v000002052d595c50_207 .array/port v000002052d595c50, 207;
v000002052d595c50_208 .array/port v000002052d595c50, 208;
v000002052d595c50_209 .array/port v000002052d595c50, 209;
v000002052d595c50_210 .array/port v000002052d595c50, 210;
E_000002052d53bfa0/52 .event anyedge, v000002052d595c50_207, v000002052d595c50_208, v000002052d595c50_209, v000002052d595c50_210;
v000002052d595c50_211 .array/port v000002052d595c50, 211;
v000002052d595c50_212 .array/port v000002052d595c50, 212;
v000002052d595c50_213 .array/port v000002052d595c50, 213;
v000002052d595c50_214 .array/port v000002052d595c50, 214;
E_000002052d53bfa0/53 .event anyedge, v000002052d595c50_211, v000002052d595c50_212, v000002052d595c50_213, v000002052d595c50_214;
v000002052d595c50_215 .array/port v000002052d595c50, 215;
v000002052d595c50_216 .array/port v000002052d595c50, 216;
v000002052d595c50_217 .array/port v000002052d595c50, 217;
v000002052d595c50_218 .array/port v000002052d595c50, 218;
E_000002052d53bfa0/54 .event anyedge, v000002052d595c50_215, v000002052d595c50_216, v000002052d595c50_217, v000002052d595c50_218;
v000002052d595c50_219 .array/port v000002052d595c50, 219;
v000002052d595c50_220 .array/port v000002052d595c50, 220;
v000002052d595c50_221 .array/port v000002052d595c50, 221;
v000002052d595c50_222 .array/port v000002052d595c50, 222;
E_000002052d53bfa0/55 .event anyedge, v000002052d595c50_219, v000002052d595c50_220, v000002052d595c50_221, v000002052d595c50_222;
v000002052d595c50_223 .array/port v000002052d595c50, 223;
v000002052d595c50_224 .array/port v000002052d595c50, 224;
v000002052d595c50_225 .array/port v000002052d595c50, 225;
v000002052d595c50_226 .array/port v000002052d595c50, 226;
E_000002052d53bfa0/56 .event anyedge, v000002052d595c50_223, v000002052d595c50_224, v000002052d595c50_225, v000002052d595c50_226;
v000002052d595c50_227 .array/port v000002052d595c50, 227;
v000002052d595c50_228 .array/port v000002052d595c50, 228;
v000002052d595c50_229 .array/port v000002052d595c50, 229;
v000002052d595c50_230 .array/port v000002052d595c50, 230;
E_000002052d53bfa0/57 .event anyedge, v000002052d595c50_227, v000002052d595c50_228, v000002052d595c50_229, v000002052d595c50_230;
v000002052d595c50_231 .array/port v000002052d595c50, 231;
v000002052d595c50_232 .array/port v000002052d595c50, 232;
v000002052d595c50_233 .array/port v000002052d595c50, 233;
v000002052d595c50_234 .array/port v000002052d595c50, 234;
E_000002052d53bfa0/58 .event anyedge, v000002052d595c50_231, v000002052d595c50_232, v000002052d595c50_233, v000002052d595c50_234;
v000002052d595c50_235 .array/port v000002052d595c50, 235;
v000002052d595c50_236 .array/port v000002052d595c50, 236;
v000002052d595c50_237 .array/port v000002052d595c50, 237;
v000002052d595c50_238 .array/port v000002052d595c50, 238;
E_000002052d53bfa0/59 .event anyedge, v000002052d595c50_235, v000002052d595c50_236, v000002052d595c50_237, v000002052d595c50_238;
v000002052d595c50_239 .array/port v000002052d595c50, 239;
v000002052d595c50_240 .array/port v000002052d595c50, 240;
v000002052d595c50_241 .array/port v000002052d595c50, 241;
v000002052d595c50_242 .array/port v000002052d595c50, 242;
E_000002052d53bfa0/60 .event anyedge, v000002052d595c50_239, v000002052d595c50_240, v000002052d595c50_241, v000002052d595c50_242;
v000002052d595c50_243 .array/port v000002052d595c50, 243;
v000002052d595c50_244 .array/port v000002052d595c50, 244;
v000002052d595c50_245 .array/port v000002052d595c50, 245;
v000002052d595c50_246 .array/port v000002052d595c50, 246;
E_000002052d53bfa0/61 .event anyedge, v000002052d595c50_243, v000002052d595c50_244, v000002052d595c50_245, v000002052d595c50_246;
v000002052d595c50_247 .array/port v000002052d595c50, 247;
v000002052d595c50_248 .array/port v000002052d595c50, 248;
v000002052d595c50_249 .array/port v000002052d595c50, 249;
v000002052d595c50_250 .array/port v000002052d595c50, 250;
E_000002052d53bfa0/62 .event anyedge, v000002052d595c50_247, v000002052d595c50_248, v000002052d595c50_249, v000002052d595c50_250;
v000002052d595c50_251 .array/port v000002052d595c50, 251;
v000002052d595c50_252 .array/port v000002052d595c50, 252;
v000002052d595c50_253 .array/port v000002052d595c50, 253;
v000002052d595c50_254 .array/port v000002052d595c50, 254;
E_000002052d53bfa0/63 .event anyedge, v000002052d595c50_251, v000002052d595c50_252, v000002052d595c50_253, v000002052d595c50_254;
v000002052d595c50_255 .array/port v000002052d595c50, 255;
E_000002052d53bfa0/64 .event anyedge, v000002052d595c50_255;
E_000002052d53bfa0 .event/or E_000002052d53bfa0/0, E_000002052d53bfa0/1, E_000002052d53bfa0/2, E_000002052d53bfa0/3, E_000002052d53bfa0/4, E_000002052d53bfa0/5, E_000002052d53bfa0/6, E_000002052d53bfa0/7, E_000002052d53bfa0/8, E_000002052d53bfa0/9, E_000002052d53bfa0/10, E_000002052d53bfa0/11, E_000002052d53bfa0/12, E_000002052d53bfa0/13, E_000002052d53bfa0/14, E_000002052d53bfa0/15, E_000002052d53bfa0/16, E_000002052d53bfa0/17, E_000002052d53bfa0/18, E_000002052d53bfa0/19, E_000002052d53bfa0/20, E_000002052d53bfa0/21, E_000002052d53bfa0/22, E_000002052d53bfa0/23, E_000002052d53bfa0/24, E_000002052d53bfa0/25, E_000002052d53bfa0/26, E_000002052d53bfa0/27, E_000002052d53bfa0/28, E_000002052d53bfa0/29, E_000002052d53bfa0/30, E_000002052d53bfa0/31, E_000002052d53bfa0/32, E_000002052d53bfa0/33, E_000002052d53bfa0/34, E_000002052d53bfa0/35, E_000002052d53bfa0/36, E_000002052d53bfa0/37, E_000002052d53bfa0/38, E_000002052d53bfa0/39, E_000002052d53bfa0/40, E_000002052d53bfa0/41, E_000002052d53bfa0/42, E_000002052d53bfa0/43, E_000002052d53bfa0/44, E_000002052d53bfa0/45, E_000002052d53bfa0/46, E_000002052d53bfa0/47, E_000002052d53bfa0/48, E_000002052d53bfa0/49, E_000002052d53bfa0/50, E_000002052d53bfa0/51, E_000002052d53bfa0/52, E_000002052d53bfa0/53, E_000002052d53bfa0/54, E_000002052d53bfa0/55, E_000002052d53bfa0/56, E_000002052d53bfa0/57, E_000002052d53bfa0/58, E_000002052d53bfa0/59, E_000002052d53bfa0/60, E_000002052d53bfa0/61, E_000002052d53bfa0/62, E_000002052d53bfa0/63, E_000002052d53bfa0/64;
S_000002052d523530 .scope module, "uut3" "controll_unit" 2 38, 5 1 0, S_000002052d52d3b0;
 .timescale 0 0;
    .port_info 0 /INPUT 4 "opcode";
    .port_info 1 /OUTPUT 1 "reg_write";
    .port_info 2 /OUTPUT 1 "mem_read";
    .port_info 3 /OUTPUT 1 "mem_write";
    .port_info 4 /OUTPUT 1 "jump";
    .port_info 5 /OUTPUT 1 "jump_zero";
    .port_info 6 /OUTPUT 1 "imm_mode";
    .port_info 7 /OUTPUT 2 "alu_op";
v000002052d5961f0_0 .var "alu_op", 1 0;
v000002052d595610_0 .var "imm_mode", 0 0;
v000002052d595bb0_0 .var "jump", 0 0;
v000002052d596010_0 .var "jump_zero", 0 0;
v000002052d596bf0_0 .var "mem_read", 0 0;
v000002052d5963d0_0 .var "mem_write", 0 0;
v000002052d596330_0 .net "opcode", 3 0, L_000002052d5a0de0;  1 drivers
v000002052d595570_0 .var "reg_write", 0 0;
E_000002052d53cce0 .event anyedge, v000002052d596330_0;
S_000002052d5208d0 .scope module, "uut4" "register_set" 2 49, 6 1 0, S_000002052d52d3b0;
 .timescale 0 0;
    .port_info 0 /INPUT 1 "clk";
    .port_info 1 /INPUT 1 "reg_write";
    .port_info 2 /INPUT 4 "read_reg_addr1";
    .port_info 3 /INPUT 4 "read_reg_addr2";
    .port_info 4 /INPUT 4 "write_reg_addr";
    .port_info 5 /INPUT 8 "write_data";
    .port_info 6 /OUTPUT 8 "read_data1";
    .port_info 7 /OUTPUT 8 "read_data2";
v000002052d595750_0 .net "clk", 0 0, o000002052d543048;  alias, 0 drivers
v000002052d5957f0_0 .var "read_data1", 7 0;
v000002052d595a70_0 .var "read_data2", 7 0;
v000002052d596150_0 .net "read_reg_addr1", 3 0, L_000002052d59fda0;  1 drivers
v000002052d596970_0 .net "read_reg_addr2", 3 0, L_000002052d5a0e80;  1 drivers
v000002052d595430 .array "reg_set", 15 0, 7 0;
v000002052d595d90_0 .net "reg_write", 0 0, v000002052d595570_0;  alias, 1 drivers
v000002052d595390_0 .net "write_data", 7 0, L_000002052d5a1100;  alias, 1 drivers
v000002052d595890_0 .net "write_reg_addr", 3 0, L_000002052d5a12e0;  1 drivers
v000002052d595430_0 .array/port v000002052d595430, 0;
v000002052d595430_1 .array/port v000002052d595430, 1;
v000002052d595430_2 .array/port v000002052d595430, 2;
E_000002052d53c060/0 .event anyedge, v000002052d596150_0, v000002052d595430_0, v000002052d595430_1, v000002052d595430_2;
v000002052d595430_3 .array/port v000002052d595430, 3;
v000002052d595430_4 .array/port v000002052d595430, 4;
v000002052d595430_5 .array/port v000002052d595430, 5;
v000002052d595430_6 .array/port v000002052d595430, 6;
E_000002052d53c060/1 .event anyedge, v000002052d595430_3, v000002052d595430_4, v000002052d595430_5, v000002052d595430_6;
v000002052d595430_7 .array/port v000002052d595430, 7;
v000002052d595430_8 .array/port v000002052d595430, 8;
v000002052d595430_9 .array/port v000002052d595430, 9;
v000002052d595430_10 .array/port v000002052d595430, 10;
E_000002052d53c060/2 .event anyedge, v000002052d595430_7, v000002052d595430_8, v000002052d595430_9, v000002052d595430_10;
v000002052d595430_11 .array/port v000002052d595430, 11;
v000002052d595430_12 .array/port v000002052d595430, 12;
v000002052d595430_13 .array/port v000002052d595430, 13;
v000002052d595430_14 .array/port v000002052d595430, 14;
E_000002052d53c060/3 .event anyedge, v000002052d595430_11, v000002052d595430_12, v000002052d595430_13, v000002052d595430_14;
v000002052d595430_15 .array/port v000002052d595430, 15;
E_000002052d53c060/4 .event anyedge, v000002052d595430_15, v000002052d596970_0;
E_000002052d53c060 .event/or E_000002052d53c060/0, E_000002052d53c060/1, E_000002052d53c060/2, E_000002052d53c060/3, E_000002052d53c060/4;
E_000002052d53c120 .event posedge, v000002052d5411a0_0;
S_000002052d520a60 .scope module, "uut5" "immediate_mode" 2 61, 7 1 0, S_000002052d52d3b0;
 .timescale 0 0;
    .port_info 0 /INPUT 16 "instruction";
    .port_info 1 /INPUT 1 "imm_mode";
    .port_info 2 /INPUT 8 "read_data2";
    .port_info 3 /OUTPUT 8 "operand2";
v000002052d596a10_0 .net "imm_mode", 0 0, v000002052d595610_0;  alias, 1 drivers
v000002052d596290_0 .net "instruction", 15 0, v000002052d5965b0_0;  alias, 1 drivers
v000002052d596470_0 .var "operand2", 7 0;
v000002052d5956b0_0 .net "read_data2", 7 0, v000002052d595a70_0;  alias, 1 drivers
E_000002052d53c1a0 .event anyedge, v000002052d595610_0, v000002052d5965b0_0, v000002052d595a70_0;
S_000002052d51c9c0 .scope module, "uut6" "alu" 2 68, 8 1 0, S_000002052d52d3b0;
 .timescale 0 0;
    .port_info 0 /INPUT 8 "operand1";
    .port_info 1 /INPUT 8 "operand2";
    .port_info 2 /INPUT 2 "alu_op";
    .port_info 3 /OUTPUT 8 "result";
    .port_info 4 /OUTPUT 1 "zero_flag";
L_000002052d660088 .functor BUFT 1, C4<00000000>, C4<0>, C4<0>, C4<0>;
v000002052d596510_0 .net/2u *"_ivl_0", 7 0, L_000002052d660088;  1 drivers
v000002052d596b50_0 .net *"_ivl_2", 0 0, L_000002052d5a1560;  1 drivers
L_000002052d6600d0 .functor BUFT 1, C4<1>, C4<0>, C4<0>, C4<0>;
v000002052d595930_0 .net/2u *"_ivl_4", 0 0, L_000002052d6600d0;  1 drivers
L_000002052d660118 .functor BUFT 1, C4<0>, C4<0>, C4<0>, C4<0>;
v000002052d595250_0 .net/2u *"_ivl_6", 0 0, L_000002052d660118;  1 drivers
v000002052d596790_0 .net "alu_op", 1 0, v000002052d5961f0_0;  alias, 1 drivers
v000002052d5954d0_0 .net "operand1", 7 0, v000002052d5957f0_0;  alias, 1 drivers
v000002052d596c90_0 .net "operand2", 7 0, v000002052d596470_0;  alias, 1 drivers
v000002052d5959d0_0 .var "result", 7 0;
v000002052d596830_0 .net "zero_flag", 0 0, L_000002052d5a0f20;  alias, 1 drivers
E_000002052d53c1e0 .event anyedge, v000002052d5961f0_0, v000002052d5957f0_0, v000002052d596470_0;
L_000002052d5a1560 .cmp/eq 8, v000002052d5959d0_0, L_000002052d660088;
L_000002052d5a0f20 .functor MUXZ 1, L_000002052d660118, L_000002052d6600d0, L_000002052d5a1560, C4<>;
S_000002052d51cb50 .scope module, "uut7" "data_memory" 2 76, 9 1 0, S_000002052d52d3b0;
 .timescale 0 0;
    .port_info 0 /INPUT 1 "clk";
    .port_info 1 /INPUT 8 "address";
    .port_info 2 /INPUT 8 "write_data";
    .port_info 3 /INPUT 1 "mem_read";
    .port_info 4 /INPUT 1 "mem_write";
    .port_info 5 /OUTPUT 8 "read_data";
v000002052d596d30_0 .net "address", 7 0, L_000002052d5a1600;  1 drivers
v000002052d595e30_0 .net "clk", 0 0, o000002052d543048;  alias, 0 drivers
v000002052d595ed0 .array "mem", 255 0, 7 0;
v000002052d596650_0 .net "mem_read", 0 0, v000002052d596bf0_0;  alias, 1 drivers
v000002052d596dd0_0 .net "mem_write", 0 0, v000002052d5963d0_0;  alias, 1 drivers
v000002052d596e70_0 .var "read_data", 7 0;
v000002052d595b10_0 .net "write_data", 7 0, v000002052d5959d0_0;  alias, 1 drivers
    .scope S_000002052d52d540;
T_0 ;
    %wait E_000002052d53c760;
    %load/vec4 v000002052d541560_0;
    %flag_set/vec4 8;
    %jmp/0xz  T_0.0, 8;
    %pushi/vec4 0, 0, 8;
    %assign/vec4 v000002052d541380_0, 0;
    %jmp T_0.1;
T_0.0 ;
    %load/vec4 v000002052d541240_0;
    %flag_set/vec4 8;
    %jmp/0xz  T_0.2, 8;
    %load/vec4 v000002052d5412e0_0;
    %assign/vec4 v000002052d541380_0, 0;
    %jmp T_0.3;
T_0.2 ;
    %load/vec4 v000002052d541420_0;
    %flag_set/vec4 9;
    %flag_get/vec4 9;
    %jmp/0 T_0.6, 9;
    %load/vec4 v000002052d541600_0;
    %and;
T_0.6;
    %flag_set/vec4 8;
    %jmp/0xz  T_0.4, 8;
    %load/vec4 v000002052d5412e0_0;
    %assign/vec4 v000002052d541380_0, 0;
    %jmp T_0.5;
T_0.4 ;
    %load/vec4 v000002052d541380_0;
    %addi 1, 0, 8;
    %assign/vec4 v000002052d541380_0, 0;
T_0.5 ;
T_0.3 ;
T_0.1 ;
    %jmp T_0;
    .thread T_0;
    .scope S_000002052d5233a0;
T_1 ;
    %pushi/vec4 49157, 0, 16;
    %ix/load 4, 0, 0;
    %flag_set/imm 4, 0;
    %store/vec4a v000002052d595c50, 4, 0;
    %pushi/vec4 49415, 0, 16;
    %ix/load 4, 1, 0;
    %flag_set/imm 4, 0;
    %store/vec4a v000002052d595c50, 4, 0;
    %pushi/vec4 16, 0, 16;
    %ix/load 4, 2, 0;
    %flag_set/imm 4, 0;
    %store/vec4a v000002052d595c50, 4, 0;
    %pushi/vec4 24591, 0, 16;
    %ix/load 4, 3, 0;
    %flag_set/imm 4, 0;
    %store/vec4a v000002052d595c50, 4, 0;
    %pushi/vec4 12544, 0, 16;
    %ix/load 4, 4, 0;
    %flag_set/imm 4, 0;
    %store/vec4a v000002052d595c50, 4, 0;
    %pushi/vec4 16384, 0, 16;
    %ix/load 4, 5, 0;
    %flag_set/imm 4, 0;
    %store/vec4a v000002052d595c50, 4, 0;
    %pushi/vec4 36912, 0, 16;
    %ix/load 4, 6, 0;
    %flag_set/imm 4, 0;
    %store/vec4a v000002052d595c50, 4, 0;
    %end;
    .thread T_1;
    .scope S_000002052d5233a0;
T_2 ;
    %wait E_000002052d53bfa0;
    %load/vec4 v000002052d595cf0_0;
    %pad/u 10;
    %ix/vec4 4;
    %load/vec4a v000002052d595c50, 4;
    %store/vec4 v000002052d5965b0_0, 0, 16;
    %jmp T_2;
    .thread T_2, $push;
    .scope S_000002052d523530;
T_3 ;
    %wait E_000002052d53cce0;
    %pushi/vec4 0, 0, 1;
    %store/vec4 v000002052d595570_0, 0, 1;
    %pushi/vec4 0, 0, 1;
    %store/vec4 v000002052d596bf0_0, 0, 1;
    %pushi/vec4 0, 0, 1;
    %store/vec4 v000002052d5963d0_0, 0, 1;
    %pushi/vec4 0, 0, 1;
    %store/vec4 v000002052d595bb0_0, 0, 1;
    %pushi/vec4 0, 0, 1;
    %store/vec4 v000002052d596010_0, 0, 1;
    %pushi/vec4 0, 0, 2;
    %store/vec4 v000002052d5961f0_0, 0, 2;
    %pushi/vec4 0, 0, 1;
    %store/vec4 v000002052d595610_0, 0, 1;
    %load/vec4 v000002052d596330_0;
    %parti/s 2, 2, 3;
    %dup/vec4;
    %pushi/vec4 0, 0, 2;
    %cmp/u;
    %jmp/1 T_3.0, 6;
    %dup/vec4;
    %pushi/vec4 1, 0, 2;
    %cmp/u;
    %jmp/1 T_3.1, 6;
    %dup/vec4;
    %pushi/vec4 2, 0, 2;
    %cmp/u;
    %jmp/1 T_3.2, 6;
    %dup/vec4;
    %pushi/vec4 3, 0, 2;
    %cmp/u;
    %jmp/1 T_3.3, 6;
    %jmp T_3.4;
T_3.0 ;
    %pushi/vec4 1, 0, 1;
    %store/vec4 v000002052d595570_0, 0, 1;
    %load/vec4 v000002052d596330_0;
    %parti/s 2, 0, 2;
    %store/vec4 v000002052d5961f0_0, 0, 2;
    %jmp T_3.4;
T_3.1 ;
    %pushi/vec4 1, 0, 1;
    %store/vec4 v000002052d595570_0, 0, 1;
    %load/vec4 v000002052d596330_0;
    %parti/s 2, 0, 2;
    %store/vec4 v000002052d5961f0_0, 0, 2;
    %pushi/vec4 1, 0, 1;
    %store/vec4 v000002052d595610_0, 0, 1;
    %jmp T_3.4;
T_3.2 ;
    %load/vec4 v000002052d596330_0;
    %parti/s 2, 0, 2;
    %cmpi/e 0, 0, 2;
    %jmp/0xz  T_3.5, 4;
    %pushi/vec4 1, 0, 1;
    %store/vec4 v000002052d595bb0_0, 0, 1;
    %jmp T_3.6;
T_3.5 ;
    %pushi/vec4 1, 0, 1;
    %store/vec4 v000002052d596010_0, 0, 1;
T_3.6 ;
    %jmp T_3.4;
T_3.3 ;
    %load/vec4 v000002052d596330_0;
    %parti/s 2, 0, 2;
    %cmpi/e 0, 0, 2;
    %jmp/0xz  T_3.7, 4;
    %pushi/vec4 1, 0, 1;
    %store/vec4 v000002052d595570_0, 0, 1;
    %jmp T_3.8;
T_3.7 ;
    %pushi/vec4 1, 0, 1;
    %store/vec4 v000002052d5963d0_0, 0, 1;
T_3.8 ;
    %jmp T_3.4;
T_3.4 ;
    %pop/vec4 1;
    %jmp T_3;
    .thread T_3, $push;
    .scope S_000002052d5208d0;
T_4 ;
    %wait E_000002052d53c120;
    %load/vec4 v000002052d595d90_0;
    %flag_set/vec4 8;
    %jmp/0xz  T_4.0, 8;
    %load/vec4 v000002052d595390_0;
    %load/vec4 v000002052d595890_0;
    %pad/u 6;
    %ix/vec4 3;
    %ix/load 4, 0, 0; Constant delay
    %assign/vec4/a/d v000002052d595430, 0, 4;
T_4.0 ;
    %jmp T_4;
    .thread T_4;
    .scope S_000002052d5208d0;
T_5 ;
    %wait E_000002052d53c060;
    %load/vec4 v000002052d596150_0;
    %pad/u 6;
    %ix/vec4 4;
    %load/vec4a v000002052d595430, 4;
    %store/vec4 v000002052d5957f0_0, 0, 8;
    %load/vec4 v000002052d596970_0;
    %pad/u 6;
    %ix/vec4 4;
    %load/vec4a v000002052d595430, 4;
    %store/vec4 v000002052d595a70_0, 0, 8;
    %jmp T_5;
    .thread T_5, $push;
    .scope S_000002052d520a60;
T_6 ;
    %wait E_000002052d53c1a0;
    %load/vec4 v000002052d596a10_0;
    %flag_set/vec4 8;
    %jmp/0xz  T_6.0, 8;
    %load/vec4 v000002052d596290_0;
    %parti/s 8, 0, 2;
    %store/vec4 v000002052d596470_0, 0, 8;
    %jmp T_6.1;
T_6.0 ;
    %load/vec4 v000002052d5956b0_0;
    %store/vec4 v000002052d596470_0, 0, 8;
T_6.1 ;
    %jmp T_6;
    .thread T_6, $push;
    .scope S_000002052d51c9c0;
T_7 ;
    %wait E_000002052d53c1e0;
    %load/vec4 v000002052d596790_0;
    %dup/vec4;
    %pushi/vec4 0, 0, 2;
    %cmp/u;
    %jmp/1 T_7.0, 6;
    %dup/vec4;
    %pushi/vec4 1, 0, 2;
    %cmp/u;
    %jmp/1 T_7.1, 6;
    %dup/vec4;
    %pushi/vec4 2, 0, 2;
    %cmp/u;
    %jmp/1 T_7.2, 6;
    %dup/vec4;
    %pushi/vec4 3, 0, 2;
    %cmp/u;
    %jmp/1 T_7.3, 6;
    %jmp T_7.4;
T_7.0 ;
    %load/vec4 v000002052d5954d0_0;
    %load/vec4 v000002052d596c90_0;
    %and;
    %store/vec4 v000002052d5959d0_0, 0, 8;
    %jmp T_7.4;
T_7.1 ;
    %load/vec4 v000002052d5954d0_0;
    %load/vec4 v000002052d596c90_0;
    %or;
    %store/vec4 v000002052d5959d0_0, 0, 8;
    %jmp T_7.4;
T_7.2 ;
    %load/vec4 v000002052d5954d0_0;
    %load/vec4 v000002052d596c90_0;
    %xor;
    %store/vec4 v000002052d5959d0_0, 0, 8;
    %jmp T_7.4;
T_7.3 ;
    %load/vec4 v000002052d5954d0_0;
    %inv;
    %store/vec4 v000002052d5959d0_0, 0, 8;
    %jmp T_7.4;
T_7.4 ;
    %pop/vec4 1;
    %jmp T_7;
    .thread T_7, $push;
    .scope S_000002052d51cb50;
T_8 ;
    %wait E_000002052d53c120;
    %load/vec4 v000002052d596dd0_0;
    %flag_set/vec4 8;
    %jmp/0xz  T_8.0, 8;
    %load/vec4 v000002052d595b10_0;
    %load/vec4 v000002052d596d30_0;
    %pad/u 10;
    %ix/vec4 3;
    %ix/load 4, 0, 0; Constant delay
    %assign/vec4/a/d v000002052d595ed0, 0, 4;
T_8.0 ;
    %jmp T_8;
    .thread T_8;
    .scope S_000002052d51cb50;
T_9 ;
    %wait E_000002052d53c120;
    %load/vec4 v000002052d596650_0;
    %flag_set/vec4 8;
    %jmp/0xz  T_9.0, 8;
    %load/vec4 v000002052d596d30_0;
    %pad/u 10;
    %ix/vec4 4;
    %load/vec4a v000002052d595ed0, 4;
    %store/vec4 v000002052d596e70_0, 0, 8;
    %jmp T_9.1;
T_9.0 ;
    %pushi/vec4 0, 0, 8;
    %store/vec4 v000002052d596e70_0, 0, 8;
T_9.1 ;
    %jmp T_9;
    .thread T_9;
# The file index is used to find the file name in the following table.
:file_names 10;
    "N/A";
    "<interactive>";
    "top.v";
    "./program_counter.v";
    "./instruction_memory.v";
    "./controll_unit.v";
    "./register_file.v";
    "./immediate_mode.v";
    "./alu.v";
    "./data_memory.v";
